This is pdfTeX, Version 3.1415926-2.5-1.40.14 (MiKTeX 2.9) (preloaded format=pdflatex 2015.5.1)  12 MAY 2015 00:08
entering extended mode
**BP_Slama_Michal_2015.tex
(D:\01.Skola\01.Bakalarka\04.Dokumentace_new_cvut\BP_Slama_Michal_2015.tex
LaTeX2e <2011/06/27>
Babel <v3.8m> and hyphenation patterns for english, afrikaans, ancientgreek, ar
abic, armenian, assamese, basque, bengali, bokmal, bulgarian, catalan, coptic, 
croatian, czech, danish, dutch, esperanto, estonian, farsi, finnish, french, ga
lician, german, german-x-2013-05-26, greek, gujarati, hindi, hungarian, iceland
ic, indonesian, interlingua, irish, italian, kannada, kurmanji, latin, latvian,
 lithuanian, malayalam, marathi, mongolian, mongolianlmc, monogreek, ngerman, n
german-x-2013-05-26, nynorsk, oriya, panjabi, pinyin, polish, portuguese, roman
ian, russian, sanskrit, serbian, slovak, slovenian, spanish, swedish, swissgerm
an, tamil, telugu, turkish, turkmen, ukenglish, ukrainian, uppersorbian, usengl
ishmax, welsh, loaded.
(D:\01.Skola\01.Bakalarka\04.Dokumentace_new_cvut\FITthesis.cls
Document Class: FITthesis 2013/05/06 CTU FIT standard class for theses
(C:\Users\Drugnanov\AppData\Roaming\MiKTeX\2.9\tex\latex\memoir\memoir.cls
Document Class: memoir 2015/03/05 v3.7c configurable book, report, article docu
ment class
\onelineskip=\skip41
\lxvchars=\skip42
\xlvchars=\skip43
\@memcnta=\count79
\c@@memmarkcntra=\count80
\l@nohyphenation=\language69
("C:\Program Files (x86)\MiKTeX 2.9\tex\generic\oberdiek\ifpdf.sty"
Package: ifpdf 2011/01/30 v2.3 Provides the ifpdf switch (HO)
Package ifpdf Info: pdfTeX in PDF mode is detected.
)
(C:\Users\Drugnanov\AppData\Roaming\MiKTeX\2.9\tex\latex\ifetex\ifetex.sty
Package: ifetex 2011/12/15 v1.2 ifetex

(C:\Users\Drugnanov\AppData\Roaming\MiKTeX\2.9\tex\plain\ifetex\ifetex.tex))
("C:\Program Files (x86)\MiKTeX 2.9\tex\generic\ifxetex\ifxetex.sty"
Package: ifxetex 2010/09/12 v0.6 Provides ifxetex conditional
)
("C:\Program Files (x86)\MiKTeX 2.9\tex\generic\oberdiek\ifluatex.sty"
Package: ifluatex 2010/03/01 v1.3 Provides the ifluatex switch (HO)
Package ifluatex Info: LuaTeX not detected.
)
\stockheight=\skip44
\stockwidth=\skip45
\trimtop=\skip46
\trimedge=\skip47

("C:\Program Files (x86)\MiKTeX 2.9\tex\latex\misc\etex.sty"
Package: etex 1998/03/26 v2.0 eTeX basic definition package (PEB)
\et@xins=\count81
)
(C:\Users\Drugnanov\AppData\Roaming\MiKTeX\2.9\tex\latex\memoir\mem11.clo
File: mem11.clo 2008/01/30 v0.3 memoir class 11pt size option
)
\binding=\skip48
\spinemargin=\skip49
\foremargin=\skip50
\uppermargin=\skip51
\lowermargin=\skip52
\headdrop=\skip53
\normalrulethickness=\skip54
\mem@maxheadheight=\skip55
\mem@maxfootheight=\skip56
\headwidth=\skip57
\c@storedpagenumber=\count82
\memPD=\dimen102
\m@mabparskip=\skip58
\thanksmarkwidth=\skip59
\thanksmarksep=\skip60
\droptitle=\skip61
\c@book=\count83
\c@part=\count84
\c@chapter=\count85
\c@section=\count86
\c@subsection=\count87
\c@subsubsection=\count88
\c@paragraph=\count89
\c@subparagraph=\count90
\beforechapskip=\skip62
\midchapskip=\skip63
\afterchapskip=\skip64
\chapindent=\skip65
\bottomsectionskip=\skip66
\secindent=\skip67
\beforesecskip=\skip68
\aftersecskip=\skip69
\subsecindent=\skip70
\beforesubsecskip=\skip71
\aftersubsecskip=\skip72
\subsubsecindent=\skip73
\beforesubsubsecskip=\skip74
\aftersubsubsecskip=\skip75
\paraindent=\skip76
\beforeparaskip=\skip77
\afterparaskip=\skip78
\subparaindent=\skip79
\beforesubparaskip=\skip80
\aftersubparaskip=\skip81
\pfbreakskip=\skip82
\c@@ppsavesec=\count91
\c@@ppsaveapp=\count92
\ragrparindent=\dimen103
\everylistparindent=\dimen104
\parsepi=\skip83
\topsepi=\skip84
\itemsepi=\skip85
\parsepii=\skip86
\topsepii=\skip87
\topsepiii=\skip88
\itemsepii=\skip89
\itemsepiii=\skip90
\partopsepii=\skip91
\partopsepiii=\skip92
\m@msavetopsep=\skip93
\m@msavepartopsep=\skip94
\@enLab=\toks14
\abstitleskip=\skip95
\absleftindent=\skip96
\abs@leftindent=\dimen105
\absrightindent=\skip97
\absparindent=\skip98
\absparsep=\skip99
\c@vslineno=\count93
\c@poemline=\count94
\c@modulo@vs=\count95
\c@memfvsline=\count96
\vleftskip=\skip100
\vrightskip=\skip101
\stanzaskip=\skip102
\versewidth=\skip103
\vgap=\skip104
\vindent=\skip105
\vleftmargin=\dimen106
\c@verse=\count97
\c@chrsinstr=\count98
\beforepoemtitleskip=\skip106
\afterpoemtitleskip=\skip107
\c@poem=\count99
\beforePoemTitleskip=\skip108
\midPoemTitleskip=\skip109
\afterPoemTitleskip=\skip110
\col@sep=\dimen107
\extrarowheight=\dimen108
\NC@list=\toks15
\extratabsurround=\skip111
\backup@length=\skip112
\TX@col@width=\dimen109
\TX@old@table=\dimen110
\TX@old@col=\dimen111
\TX@target=\dimen112
\TX@delta=\dimen113
\TX@cols=\count100
\TX@ftn=\toks16
\heavyrulewidth=\dimen114
\lightrulewidth=\dimen115
\cmidrulewidth=\dimen116
\belowrulesep=\dimen117
\belowbottomsep=\dimen118
\aboverulesep=\dimen119
\abovetopsep=\dimen120
\cmidrulesep=\dimen121
\cmidrulekern=\dimen122
\defaultaddspace=\dimen123
\@cmidla=\count101
\@cmidlb=\count102
\@aboverulesep=\dimen124
\@belowrulesep=\dimen125
\@thisruleclass=\count103
\@lastruleclass=\count104
\@thisrulewidth=\dimen126
\ctableftskip=\skip113
\ctabrightskip=\skip114
\abovecolumnspenalty=\count105
\@linestogo=\count106
\@cellstogo=\count107
\@cellsincolumn=\count108
\crtok=\toks17
\@mincolumnwidth=\dimen127
\c@newflo@tctr=\count109
\mem@margin@floatbox=\box26
\@contcwidth=\skip115
\@contindw=\skip116
\abovecaptionskip=\skip117
\belowcaptionskip=\skip118
\subfloattopskip=\skip119
\subfloatcapskip=\skip120
\subfloatcaptopadj=\skip121
\subfloatbottomskip=\skip122
\subfloatlabelskip=\skip123
\subfloatcapmargin=\dimen128
\c@@contsubnum=\count110
\m@mscap@capbox=\box27
\m@mscap@fbox=\box28
\sidecapsep=\dimen129
\sidecapwidth=\dimen130
\m@m@tempdima=\dimen131
\m@mscapraise=\dimen132
\sidecapraise=\dimen133
\m@mscapmainwidth=\dimen134
\m@mscaplkern=\dimen135
\beforeepigraphskip=\skip124
\afterepigraphskip=\skip125
\epigraphwidth=\skip126
\epigraphrule=\skip127
LaTeX Info: Redefining \em on input line 7514.
LaTeX Info: Redefining \emph on input line 7522.
\tocentryskip=\skip128
\tocbaseline=\skip129
\cftparskip=\skip130
\cftbeforebookskip=\skip131
\cftbookindent=\dimen136
\cftbooknumwidth=\dimen137
\cftbeforepartskip=\skip132
\cftpartindent=\skip133
\cftpartnumwidth=\skip134
\cftbeforechapterskip=\skip135
\cftchapterindent=\skip136
\cftchapternumwidth=\skip137
\cftbeforesectionskip=\skip138
\cftsectionindent=\skip139
\cftsectionnumwidth=\skip140
\cftbeforesubsectionskip=\skip141
\cftsubsectionindent=\skip142
\cftsubsectionnumwidth=\skip143
\cftbeforesubsubsectionskip=\skip144
\cftsubsubsectionindent=\skip145
\cftsubsubsectionnumwidth=\skip146
\cftbeforeparagraphskip=\skip147
\cftparagraphindent=\skip148
\cftparagraphnumwidth=\skip149
\cftbeforesubparagraphskip=\skip150
\cftsubparagraphindent=\skip151
\cftsubparagraphnumwidth=\skip152
\prechapterprecisshift=\dimen138
\c@maxsecnumdepth=\count111
\bibindent=\dimen139
\bibitemsep=\skip153
\indexcolsep=\skip154
\indexrule=\skip155
\indexmarkstyle=\toks18
\@indexbox=\insert233
\glossarycolsep=\dimen140
\glossaryrule=\dimen141
\sideparvshift=\skip156
\sideins=\insert232
\sidebartopsep=\skip157
\sidebarhsep=\skip158
\sidebarvsep=\skip159
\sidebarwidth=\skip160
\footmarkwidth=\skip161
\footmarksep=\skip162
\footparindent=\skip163
\footinsdim=\skip164
\footinsv@r=\insert231
\@mpfootinsv@r=\insert230
\m@m@k=\count112
\m@m@h=\dimen142
\m@mipn@skip=\skip165
\sidefootins=\insert229
\sidefootadjust=\skip166
\sidefootheight=\skip167
\sidefoothsep=\skip168
\sidefootvsep=\skip169
\sidefootwidth=\skip170
\m@mdownsf=\skip171
\c@sidefootnote=\count113
\sidefootmarkwidth=\skip172
\sidefootmarksep=\skip173
\sidefootparindent=\skip174
\c@pagenote=\count114
\c@pagenoteshadow=\count115
\mem@pn@lastkern=\skip175
\every@verbatim=\toks19
\afterevery@verbatim=\toks20
\verbatim@line=\toks21
\tab@position=\count116
\verbatim@in@stream=\read1
\verbatimindent=\skip176
\verbatim@out=\write3
\bvboxsep=\skip177
\c@memfbvline=\count117
\c@bvlinectr=\count118
\bvnumlength=\skip178
\fb@frw=\dimen143
\fb@frh=\dimen144
\FrameRule=\dimen145
\FrameSep=\dimen146
\c@cp@cntr=\count119
LaTeX Info: Redefining \: on input line 11980.
LaTeX Info: Redefining \! on input line 11982.
\c@ism@mctr=\count120
\c@xsm@mctr=\count121
\c@csm@mctr=\count122
\c@ksm@mctr=\count123
\c@xksm@mctr=\count124
\c@cksm@mctr=\count125
\c@msm@mctr=\count126
\c@xmsm@mctr=\count127
\c@cmsm@mctr=\count128
\c@bsm@mctr=\count129
\c@workm@mctr=\count130
\c@sheetsequence=\count131
\c@lastsheet=\count132
\c@lastpage=\count133
\c@figure=\count134
\c@lofdepth=\count135
\cftbeforefigureskip=\skip179
\cftfigureindent=\skip180
\cftfigurenumwidth=\skip181
\c@table=\count136
\c@lotdepth=\count137
\cftbeforetableskip=\skip182
\cfttableindent=\skip183
\cfttablenumwidth=\skip184
Package abstract [2008/07/23] emulated by memoir.
Package appendix [2008/07/23] emulated by memoir.
Package array [2008/09/09] emulated by memoir.
Package booktabs [2008/07/23] emulated by memoir.
Package ccaption [2008/07/23] emulated by memoir.
Package changepage [2008/07/23] emulated by memoir.
Package chngcntr [2008/07/23] emulated by memoir.
Package chngpage [2008/07/23] emulated by memoir.
Package crop emulated by memoir.
Package dcolumn [2008/07/23] emulated by memoir.
Package delarray [2008/07/23] emulated by memoir.
Package enumerate [2008/07/23] emulated by memoir.
Package epigraph [2008/07/23] emulated by memoir.
Package ifmtarg [2008/07/23] emulated by memoir.
Package index [2008/07/23] emulated by memoir.
Package makeidx [2008/07/23] emulated by memoir.
Package moreverb [2008/07/23] emulated by memoir.
Package mparhack [2008/07/23] emulated by memoir.
Package needspace [2008/07/23] emulated by memoir.
Package newfile [2008/07/23] emulated by memoir.
Package nextpage [2008/07/23] emulated by memoir.
Package pagenote [2008/07/23] emulated by memoir.
Package parskip [2008/07/23] emulated by memoir.
Package patchcmd [2008/07/23] emulated by memoir.
Package setspace [2008/07/23] emulated by memoir.
Package shortvrb [2008/07/23] emulated by memoir.
Package showidx [2008/07/23] emulated by memoir.
Package tabularx [2008/07/23] emulated by memoir.
Package titleref [2008/07/23] emulated by memoir.
Package titling [2008/07/23] emulated by memoir.
Package tocbibind [2008/07/23] emulated by memoir.
Package tocloft [2008/07/23] emulated by memoir.
Package tocvsec2 [2008/07/23] emulated by memoir.
Package verbatim [2008/07/23] emulated by memoir.
Package verse [2008/07/23] emulated by memoir.

(C:\Users\Drugnanov\AppData\Roaming\MiKTeX\2.9\tex\latex\memoir\mempatch.sty
Package: mempatch 2009/07/24 v6.0f Patches for memoir class v1.6180339
))
("C:\Program Files (x86)\MiKTeX 2.9\tex\generic\babel\babel.sty"
Package: babel 2008/07/08 v3.8m The Babel package

*************************************
* Local config file bblopts.cfg used
*
("C:\Program Files (x86)\MiKTeX 2.9\tex\latex\00miktex\bblopts.cfg"
File: bblopts.cfg 2006/07/31 v1.0 MiKTeX 'babel' configuration
)
(C:\Users\Drugnanov\AppData\Roaming\MiKTeX\2.9\tex\latex\babel-czech\czech.ldf
Language: czech 2008/07/06 v3.1a Czech support from the babel system

("C:\Program Files (x86)\MiKTeX 2.9\tex\generic\babel\babel.def"
File: babel.def 2008/07/08 v3.8m Babel common definitions
\babel@savecnt=\count138
\U@D=\dimen147
)
Package babel Info: Making " an active character on input line 172.
\cs@wordlen=\count139
Package babel Info: Making - an active character on input line 226.
))
("C:\Program Files (x86)\MiKTeX 2.9\tex\latex\hyperref\hyperref.sty"
Package: hyperref 2012/11/06 v6.83m Hypertext links for LaTeX

("C:\Program Files (x86)\MiKTeX 2.9\tex\generic\oberdiek\hobsub-hyperref.sty"
Package: hobsub-hyperref 2012/04/25 v1.12 Bundle oberdiek, subset hyperref (HO)


("C:\Program Files (x86)\MiKTeX 2.9\tex\generic\oberdiek\hobsub-generic.sty"
Package: hobsub-generic 2012/04/25 v1.12 Bundle oberdiek, subset generic (HO)
Package: hobsub 2012/04/25 v1.12 Construct package bundles (HO)
Package: infwarerr 2010/04/08 v1.3 Providing info/warning/error messages (HO)
Package: ltxcmds 2011/11/09 v1.22 LaTeX kernel commands for general use (HO)
Package hobsub Info: Skipping package `ifluatex' (already loaded).
Package: ifvtex 2010/03/01 v1.5 Detect VTeX and its facilities (HO)
Package ifvtex Info: VTeX not detected.
Package: intcalc 2007/09/27 v1.1 Expandable calculations with integers (HO)
Package hobsub Info: Skipping package `ifpdf' (already loaded).
Package: etexcmds 2011/02/16 v1.5 Avoid name clashes with e-TeX commands (HO)
Package etexcmds Info: Could not find \expanded.
(etexcmds)             That can mean that you are not using pdfTeX 1.50 or
(etexcmds)             that some package has redefined \expanded.
(etexcmds)             In the latter case, load this package earlier.
Package: kvsetkeys 2012/04/25 v1.16 Key value parser (HO)
Package: kvdefinekeys 2011/04/07 v1.3 Define keys (HO)
Package: pdftexcmds 2011/11/29 v0.20 Utility functions of pdfTeX for LuaTeX (HO
)
Package pdftexcmds Info: LuaTeX not detected.
Package pdftexcmds Info: \pdf@primitive is available.
Package pdftexcmds Info: \pdf@ifprimitive is available.
Package pdftexcmds Info: \pdfdraftmode found.
Package: pdfescape 2011/11/25 v1.13 Implements pdfTeX's escape features (HO)
Package: bigintcalc 2012/04/08 v1.3 Expandable calculations on big integers (HO
)
Package: bitset 2011/01/30 v1.1 Handle bit-vector datatype (HO)
Package: uniquecounter 2011/01/30 v1.2 Provide unlimited unique counter (HO)
)
Package hobsub Info: Skipping package `hobsub' (already loaded).
Package: letltxmacro 2010/09/02 v1.4 Let assignment for LaTeX macros (HO)
Package: hopatch 2011/06/24 v1.1 Wrapper for package hooks (HO)
Package: xcolor-patch 2011/01/30 xcolor patch
Package: atveryend 2011/06/30 v1.8 Hooks at the very end of document (HO)
Package atveryend Info: \enddocument detected (standard20110627).
Package: atbegshi 2011/10/05 v1.16 At begin shipout hook (HO)
Package: refcount 2011/10/16 v3.4 Data extraction from label references (HO)
Package: hycolor 2011/01/30 v1.7 Color options for hyperref/bookmark (HO)
)
("C:\Program Files (x86)\MiKTeX 2.9\tex\latex\graphics\keyval.sty"
Package: keyval 1999/03/16 v1.13 key=value parser (DPC)
\KV@toks@=\toks22
)
("C:\Program Files (x86)\MiKTeX 2.9\tex\latex\oberdiek\auxhook.sty"
Package: auxhook 2011/03/04 v1.3 Hooks for auxiliary files (HO)
)
("C:\Program Files (x86)\MiKTeX 2.9\tex\latex\oberdiek\kvoptions.sty"
Package: kvoptions 2011/06/30 v3.11 Key value format for package options (HO)
)
\@linkdim=\dimen148
\Hy@linkcounter=\count140
\Hy@pagecounter=\count141

("C:\Program Files (x86)\MiKTeX 2.9\tex\latex\hyperref\pd1enc.def"
File: pd1enc.def 2012/11/06 v6.83m Hyperref: PDFDocEncoding definition (HO)
)
\Hy@SavedSpaceFactor=\count142

("C:\Program Files (x86)\MiKTeX 2.9\tex\latex\00miktex\hyperref.cfg"
File: hyperref.cfg 2002/06/06 v1.2 hyperref configuration of TeXLive
)
Package hyperref Info: Hyper figures OFF on input line 4443.
Package hyperref Info: Link nesting OFF on input line 4448.
Package hyperref Info: Hyper index ON on input line 4451.
Package hyperref Info: Plain pages OFF on input line 4458.
Package hyperref Info: Backreferencing OFF on input line 4463.
Package hyperref Info: Implicit mode ON; LaTeX internals redefined.
Package hyperref Info: Bookmarks ON on input line 4688.
\c@Hy@tempcnt=\count143

(C:\Users\Drugnanov\AppData\Roaming\MiKTeX\2.9\tex\latex\url\url.sty
\Urlmuskip=\muskip10
Package: url 2013/09/16  ver 3.4  Verb mode for urls, etc.
)
LaTeX Info: Redefining \url on input line 5041.
\XeTeXLinkMargin=\dimen149
\Fld@menulength=\count144
\Field@Width=\dimen150
\Fld@charsize=\dimen151
Package hyperref Info: Hyper figures OFF on input line 6295.
Package hyperref Info: Link nesting OFF on input line 6300.
Package hyperref Info: Hyper index ON on input line 6303.
Package hyperref Info: backreferencing OFF on input line 6310.
Package hyperref Info: Link coloring OFF on input line 6315.
Package hyperref Info: Link coloring with OCG OFF on input line 6320.
Package hyperref Info: PDF/A mode OFF on input line 6325.
LaTeX Info: Redefining \ref on input line 6365.
LaTeX Info: Redefining \pageref on input line 6369.
\Hy@abspage=\count145
\c@Item=\count146
\c@Hfootnote=\count147
)
(C:\Users\Drugnanov\AppData\Roaming\MiKTeX\2.9\tex\latex\memoir\memhfixc.sty
Package: memhfixc 2013/05/30 v1.17 nameref/hyperref package fixes for memoir cl
ass
\c@memhycontfloat=\count148
\c@Hpagenote=\count149
)

Package hyperref Message: Driver (autodetected): hpdftex.

("C:\Program Files (x86)\MiKTeX 2.9\tex\latex\hyperref\hpdftex.def"
File: hpdftex.def 2012/11/06 v6.83m Hyperref driver for pdfTeX
\Fld@listcount=\count150
\c@bookmark@seq@number=\count151

("C:\Program Files (x86)\MiKTeX 2.9\tex\latex\oberdiek\rerunfilecheck.sty"
Package: rerunfilecheck 2011/04/15 v1.7 Rerun checks for auxiliary files (HO)
Package uniquecounter Info: New unique counter `rerunfilecheck' on input line 2
82.
)
\Hy@SectionHShift=\skip185
)
("C:\Program Files (x86)\MiKTeX 2.9\tex\latex\base\fontenc.sty"
Package: fontenc 2005/09/27 v1.99g Standard LaTeX package

("C:\Program Files (x86)\MiKTeX 2.9\tex\latex\base\t1enc.def"
File: t1enc.def 2005/09/27 v1.99g Standard LaTeX file
LaTeX Font Info:    Redeclaring font encoding T1 on input line 43.
))
("C:\Program Files (x86)\MiKTeX 2.9\tex\latex\lm\lmodern.sty"
Package: lmodern 2009/10/30 v1.6 Latin Modern Fonts
LaTeX Font Info:    Overwriting symbol font `operators' in version `normal'
(Font)                  OT1/cmr/m/n --> OT1/lmr/m/n on input line 22.
LaTeX Font Info:    Overwriting symbol font `letters' in version `normal'
(Font)                  OML/cmm/m/it --> OML/lmm/m/it on input line 23.
LaTeX Font Info:    Overwriting symbol font `symbols' in version `normal'
(Font)                  OMS/cmsy/m/n --> OMS/lmsy/m/n on input line 24.
LaTeX Font Info:    Overwriting symbol font `largesymbols' in version `normal'
(Font)                  OMX/cmex/m/n --> OMX/lmex/m/n on input line 25.
LaTeX Font Info:    Overwriting symbol font `operators' in version `bold'
(Font)                  OT1/cmr/bx/n --> OT1/lmr/bx/n on input line 26.
LaTeX Font Info:    Overwriting symbol font `letters' in version `bold'
(Font)                  OML/cmm/b/it --> OML/lmm/b/it on input line 27.
LaTeX Font Info:    Overwriting symbol font `symbols' in version `bold'
(Font)                  OMS/cmsy/b/n --> OMS/lmsy/b/n on input line 28.
LaTeX Font Info:    Overwriting symbol font `largesymbols' in version `bold'
(Font)                  OMX/cmex/m/n --> OMX/lmex/m/n on input line 29.
LaTeX Font Info:    Overwriting math alphabet `\mathbf' in version `normal'
(Font)                  OT1/cmr/bx/n --> OT1/lmr/bx/n on input line 31.
LaTeX Font Info:    Overwriting math alphabet `\mathsf' in version `normal'
(Font)                  OT1/cmss/m/n --> OT1/lmss/m/n on input line 32.
LaTeX Font Info:    Overwriting math alphabet `\mathit' in version `normal'
(Font)                  OT1/cmr/m/it --> OT1/lmr/m/it on input line 33.
LaTeX Font Info:    Overwriting math alphabet `\mathtt' in version `normal'
(Font)                  OT1/cmtt/m/n --> OT1/lmtt/m/n on input line 34.
LaTeX Font Info:    Overwriting math alphabet `\mathbf' in version `bold'
(Font)                  OT1/cmr/bx/n --> OT1/lmr/bx/n on input line 35.
LaTeX Font Info:    Overwriting math alphabet `\mathsf' in version `bold'
(Font)                  OT1/cmss/bx/n --> OT1/lmss/bx/n on input line 36.
LaTeX Font Info:    Overwriting math alphabet `\mathit' in version `bold'
(Font)                  OT1/cmr/bx/it --> OT1/lmr/bx/it on input line 37.
LaTeX Font Info:    Overwriting math alphabet `\mathtt' in version `bold'
(Font)                  OT1/cmtt/m/n --> OT1/lmtt/m/n on input line 38.
)

******************************************************
Stock height and width: 845.04684pt by 597.50787pt
Top and edge trims: 0pt and 0pt
Page height and width: 845.04684pt by 597.50787pt
Text height and width: 595.80026pt by 369pt
Spine and edge margins: 113.81102pt and 114.69685pt
Upper and lower margins: 126.74379pt and 122.50279pt
Headheight and headsep: 13.6pt and 19.8738pt
Footskip: 27.46295pt
Columnsep and columnseprule: 10pt and 0pt
Marginparsep and marginparwidth: 7pt and 100.69685pt
Sidecapsep and sidecapwidth: 7pt and 101pt
Sidebarhsep and sidebarwidth: 7pt and 101pt
Sidebarvsep and sidebartopsep: 13.6pt and 0pt
Sidebarheight: 594.32022pt
Sidefoothsep and sidefootwidth: 7pt and 101pt
Sidefootvsep and sidefootheight: 13.6pt and 594.32022pt
******************************************************

(C:\Users\Drugnanov\AppData\Roaming\MiKTeX\2.9\tex\latex\etoolbox\etoolbox.sty
Package: etoolbox 2015/03/19 v2.1d e-TeX tools for LaTeX (JAW)
\etb@tempcnta=\count152
)) ("C:\Program Files (x86)\MiKTeX 2.9\tex\latex\base\inputenc.sty"
Package: inputenc 2008/03/30 v1.1d Input encoding file
\inpenc@prehook=\toks23
\inpenc@posthook=\toks24

("C:\Program Files (x86)\MiKTeX 2.9\tex\latex\base\utf8.def"
File: utf8.def 2008/04/05 v1.1m UTF-8 support for inputenc
Now handling font encoding OML ...
... no UTF-8 mapping file for font encoding OML
Now handling font encoding T1 ...
... processing UTF-8 mapping file for font encoding T1

("C:\Program Files (x86)\MiKTeX 2.9\tex\latex\base\t1enc.dfu"
File: t1enc.dfu 2008/04/05 v1.1m UTF-8 support for inputenc
   defining Unicode char U+00A1 (decimal 161)
   defining Unicode char U+00A3 (decimal 163)
   defining Unicode char U+00AB (decimal 171)
   defining Unicode char U+00BB (decimal 187)
   defining Unicode char U+00BF (decimal 191)
   defining Unicode char U+00C0 (decimal 192)
   defining Unicode char U+00C1 (decimal 193)
   defining Unicode char U+00C2 (decimal 194)
   defining Unicode char U+00C3 (decimal 195)
   defining Unicode char U+00C4 (decimal 196)
   defining Unicode char U+00C5 (decimal 197)
   defining Unicode char U+00C6 (decimal 198)
   defining Unicode char U+00C7 (decimal 199)
   defining Unicode char U+00C8 (decimal 200)
   defining Unicode char U+00C9 (decimal 201)
   defining Unicode char U+00CA (decimal 202)
   defining Unicode char U+00CB (decimal 203)
   defining Unicode char U+00CC (decimal 204)
   defining Unicode char U+00CD (decimal 205)
   defining Unicode char U+00CE (decimal 206)
   defining Unicode char U+00CF (decimal 207)
   defining Unicode char U+00D0 (decimal 208)
   defining Unicode char U+00D1 (decimal 209)
   defining Unicode char U+00D2 (decimal 210)
   defining Unicode char U+00D3 (decimal 211)
   defining Unicode char U+00D4 (decimal 212)
   defining Unicode char U+00D5 (decimal 213)
   defining Unicode char U+00D6 (decimal 214)
   defining Unicode char U+00D8 (decimal 216)
   defining Unicode char U+00D9 (decimal 217)
   defining Unicode char U+00DA (decimal 218)
   defining Unicode char U+00DB (decimal 219)
   defining Unicode char U+00DC (decimal 220)
   defining Unicode char U+00DD (decimal 221)
   defining Unicode char U+00DE (decimal 222)
   defining Unicode char U+00DF (decimal 223)
   defining Unicode char U+00E0 (decimal 224)
   defining Unicode char U+00E1 (decimal 225)
   defining Unicode char U+00E2 (decimal 226)
   defining Unicode char U+00E3 (decimal 227)
   defining Unicode char U+00E4 (decimal 228)
   defining Unicode char U+00E5 (decimal 229)
   defining Unicode char U+00E6 (decimal 230)
   defining Unicode char U+00E7 (decimal 231)
   defining Unicode char U+00E8 (decimal 232)
   defining Unicode char U+00E9 (decimal 233)
   defining Unicode char U+00EA (decimal 234)
   defining Unicode char U+00EB (decimal 235)
   defining Unicode char U+00EC (decimal 236)
   defining Unicode char U+00ED (decimal 237)
   defining Unicode char U+00EE (decimal 238)
   defining Unicode char U+00EF (decimal 239)
   defining Unicode char U+00F0 (decimal 240)
   defining Unicode char U+00F1 (decimal 241)
   defining Unicode char U+00F2 (decimal 242)
   defining Unicode char U+00F3 (decimal 243)
   defining Unicode char U+00F4 (decimal 244)
   defining Unicode char U+00F5 (decimal 245)
   defining Unicode char U+00F6 (decimal 246)
   defining Unicode char U+00F8 (decimal 248)
   defining Unicode char U+00F9 (decimal 249)
   defining Unicode char U+00FA (decimal 250)
   defining Unicode char U+00FB (decimal 251)
   defining Unicode char U+00FC (decimal 252)
   defining Unicode char U+00FD (decimal 253)
   defining Unicode char U+00FE (decimal 254)
   defining Unicode char U+00FF (decimal 255)
   defining Unicode char U+0102 (decimal 258)
   defining Unicode char U+0103 (decimal 259)
   defining Unicode char U+0104 (decimal 260)
   defining Unicode char U+0105 (decimal 261)
   defining Unicode char U+0106 (decimal 262)
   defining Unicode char U+0107 (decimal 263)
   defining Unicode char U+010C (decimal 268)
   defining Unicode char U+010D (decimal 269)
   defining Unicode char U+010E (decimal 270)
   defining Unicode char U+010F (decimal 271)
   defining Unicode char U+0110 (decimal 272)
   defining Unicode char U+0111 (decimal 273)
   defining Unicode char U+0118 (decimal 280)
   defining Unicode char U+0119 (decimal 281)
   defining Unicode char U+011A (decimal 282)
   defining Unicode char U+011B (decimal 283)
   defining Unicode char U+011E (decimal 286)
   defining Unicode char U+011F (decimal 287)
   defining Unicode char U+0130 (decimal 304)
   defining Unicode char U+0131 (decimal 305)
   defining Unicode char U+0132 (decimal 306)
   defining Unicode char U+0133 (decimal 307)
   defining Unicode char U+0139 (decimal 313)
   defining Unicode char U+013A (decimal 314)
   defining Unicode char U+013D (decimal 317)
   defining Unicode char U+013E (decimal 318)
   defining Unicode char U+0141 (decimal 321)
   defining Unicode char U+0142 (decimal 322)
   defining Unicode char U+0143 (decimal 323)
   defining Unicode char U+0144 (decimal 324)
   defining Unicode char U+0147 (decimal 327)
   defining Unicode char U+0148 (decimal 328)
   defining Unicode char U+014A (decimal 330)
   defining Unicode char U+014B (decimal 331)
   defining Unicode char U+0150 (decimal 336)
   defining Unicode char U+0151 (decimal 337)
   defining Unicode char U+0152 (decimal 338)
   defining Unicode char U+0153 (decimal 339)
   defining Unicode char U+0154 (decimal 340)
   defining Unicode char U+0155 (decimal 341)
   defining Unicode char U+0158 (decimal 344)
   defining Unicode char U+0159 (decimal 345)
   defining Unicode char U+015A (decimal 346)
   defining Unicode char U+015B (decimal 347)
   defining Unicode char U+015E (decimal 350)
   defining Unicode char U+015F (decimal 351)
   defining Unicode char U+0160 (decimal 352)
   defining Unicode char U+0161 (decimal 353)
   defining Unicode char U+0162 (decimal 354)
   defining Unicode char U+0163 (decimal 355)
   defining Unicode char U+0164 (decimal 356)
   defining Unicode char U+0165 (decimal 357)
   defining Unicode char U+016E (decimal 366)
   defining Unicode char U+016F (decimal 367)
   defining Unicode char U+0170 (decimal 368)
   defining Unicode char U+0171 (decimal 369)
   defining Unicode char U+0178 (decimal 376)
   defining Unicode char U+0179 (decimal 377)
   defining Unicode char U+017A (decimal 378)
   defining Unicode char U+017B (decimal 379)
   defining Unicode char U+017C (decimal 380)
   defining Unicode char U+017D (decimal 381)
   defining Unicode char U+017E (decimal 382)
   defining Unicode char U+200C (decimal 8204)
   defining Unicode char U+2013 (decimal 8211)
   defining Unicode char U+2014 (decimal 8212)
   defining Unicode char U+2018 (decimal 8216)
   defining Unicode char U+2019 (decimal 8217)
   defining Unicode char U+201A (decimal 8218)
   defining Unicode char U+201C (decimal 8220)
   defining Unicode char U+201D (decimal 8221)
   defining Unicode char U+201E (decimal 8222)
   defining Unicode char U+2030 (decimal 8240)
   defining Unicode char U+2031 (decimal 8241)
   defining Unicode char U+2039 (decimal 8249)
   defining Unicode char U+203A (decimal 8250)
   defining Unicode char U+2423 (decimal 9251)
)
Now handling font encoding OT1 ...
... processing UTF-8 mapping file for font encoding OT1

("C:\Program Files (x86)\MiKTeX 2.9\tex\latex\base\ot1enc.dfu"
File: ot1enc.dfu 2008/04/05 v1.1m UTF-8 support for inputenc
   defining Unicode char U+00A1 (decimal 161)
   defining Unicode char U+00A3 (decimal 163)
   defining Unicode char U+00B8 (decimal 184)
   defining Unicode char U+00BF (decimal 191)
   defining Unicode char U+00C5 (decimal 197)
   defining Unicode char U+00C6 (decimal 198)
   defining Unicode char U+00D8 (decimal 216)
   defining Unicode char U+00DF (decimal 223)
   defining Unicode char U+00E6 (decimal 230)
   defining Unicode char U+00EC (decimal 236)
   defining Unicode char U+00ED (decimal 237)
   defining Unicode char U+00EE (decimal 238)
   defining Unicode char U+00EF (decimal 239)
   defining Unicode char U+00F8 (decimal 248)
   defining Unicode char U+0131 (decimal 305)
   defining Unicode char U+0141 (decimal 321)
   defining Unicode char U+0142 (decimal 322)
   defining Unicode char U+0152 (decimal 338)
   defining Unicode char U+0153 (decimal 339)
   defining Unicode char U+2013 (decimal 8211)
   defining Unicode char U+2014 (decimal 8212)
   defining Unicode char U+2018 (decimal 8216)
   defining Unicode char U+2019 (decimal 8217)
   defining Unicode char U+201C (decimal 8220)
   defining Unicode char U+201D (decimal 8221)
)
Now handling font encoding OMS ...
... processing UTF-8 mapping file for font encoding OMS

("C:\Program Files (x86)\MiKTeX 2.9\tex\latex\base\omsenc.dfu"
File: omsenc.dfu 2008/04/05 v1.1m UTF-8 support for inputenc
   defining Unicode char U+00A7 (decimal 167)
   defining Unicode char U+00B6 (decimal 182)
   defining Unicode char U+00B7 (decimal 183)
   defining Unicode char U+2020 (decimal 8224)
   defining Unicode char U+2021 (decimal 8225)
   defining Unicode char U+2022 (decimal 8226)
)
Now handling font encoding OMX ...
... no UTF-8 mapping file for font encoding OMX
Now handling font encoding U ...
... no UTF-8 mapping file for font encoding U
Now handling font encoding PD1 ...
... no UTF-8 mapping file for font encoding PD1
   defining Unicode char U+00A9 (decimal 169)
   defining Unicode char U+00AA (decimal 170)
   defining Unicode char U+00AE (decimal 174)
   defining Unicode char U+00BA (decimal 186)
   defining Unicode char U+02C6 (decimal 710)
   defining Unicode char U+02DC (decimal 732)
   defining Unicode char U+200C (decimal 8204)
   defining Unicode char U+2026 (decimal 8230)
   defining Unicode char U+2122 (decimal 8482)
   defining Unicode char U+2423 (decimal 9251)
))
("C:\Program Files (x86)\MiKTeX 2.9\tex\latex\graphics\graphicx.sty"
Package: graphicx 1999/02/16 v1.0f Enhanced LaTeX Graphics (DPC,SPQR)

("C:\Program Files (x86)\MiKTeX 2.9\tex\latex\graphics\graphics.sty"
Package: graphics 2009/02/05 v1.0o Standard LaTeX Graphics (DPC,SPQR)

("C:\Program Files (x86)\MiKTeX 2.9\tex\latex\graphics\trig.sty"
Package: trig 1999/03/16 v1.09 sin cos tan (DPC)
)
("C:\Program Files (x86)\MiKTeX 2.9\tex\latex\00miktex\graphics.cfg"
File: graphics.cfg 2007/01/18 v1.5 graphics configuration of teTeX/TeXLive
)
Package graphics Info: Driver file: pdftex.def on input line 91.

("C:\Program Files (x86)\MiKTeX 2.9\tex\latex\pdftex-def\pdftex.def"
File: pdftex.def 2011/05/27 v0.06d Graphics/color for pdfTeX
\Gread@gobject=\count153
))
\Gin@req@height=\dimen152
\Gin@req@width=\dimen153
)
(C:\Users\Drugnanov\AppData\Roaming\MiKTeX\2.9\tex\latex\dirtree\dirtree.sty
Package: dirtree 2012/12/11 v0.32 package wrapper for dirtree

(C:\Users\Drugnanov\AppData\Roaming\MiKTeX\2.9\tex\generic\dirtree\dirtree.tex
`dirtree' v0.32, 2012/12/11 (jcc)
\DT@offset=\dimen154
\DT@width=\dimen155
\DT@sep=\dimen156
\DT@all=\dimen157
\DT@rulewidth=\dimen158
\DT@dotwidth=\dimen159
\DTbaselineskip=\dimen160
\DT@counti=\count154
\DT@countii=\count155
\DT@countiii=\count156
\DT@countiv=\count157
\DT@indent=\dimen161
\DT@parskip=\dimen162
\DT@baselineskip=\dimen163
)
File: dirtree.tex 2012/12/11 v0.32 `dirtree' (jcc)
)
(C:\Users\Drugnanov\AppData\Roaming\MiKTeX\2.9\tex\latex\glossaries\base\glossa
ries.sty
Package: glossaries 2015/03/16 v4.15 (NLCT)
 ("C:\Program Files (x86)\MiKTeX 2.9\tex\latex\base\ifthen.sty"
Package: ifthen 2001/05/26 v1.1c Standard LaTeX ifthen package (DPC)
)
("C:\Program Files (x86)\MiKTeX 2.9\tex\latex\xkeyval\xkeyval.sty"
Package: xkeyval 2012/10/14 v2.6b package option processing (HA)

("C:\Program Files (x86)\MiKTeX 2.9\tex\generic\xkeyval\xkeyval.tex"
\XKV@toks=\toks25
\XKV@tempa@toks=\toks26
\XKV@depth=\count158
File: xkeyval.tex 2012/10/14 v2.6b key=value parser (HA)
))
(C:\Users\Drugnanov\AppData\Roaming\MiKTeX\2.9\tex\latex\glossaries\base\mfirst
uc.sty
Package: mfirstuc 2015/02/03 v1.10 (NLCT)
\@glsmfirst=\toks27
\@glsmrest=\toks28
)
(C:\Users\Drugnanov\AppData\Roaming\MiKTeX\2.9\tex\latex\textcase\textcase.sty
Package: textcase 2004/10/07 v0.07 Text only upper/lower case changing (DPC)
LaTeX Info: Redefining \MakeTextUppercase on input line 47.
LaTeX Info: Redefining \MakeTextLowercase on input line 50.
) (C:\Users\Drugnanov\AppData\Roaming\MiKTeX\2.9\tex\latex\xfor\xfor.sty
Package: xfor 2009/02/05 v1.05 (NLCT)
)
(C:\Users\Drugnanov\AppData\Roaming\MiKTeX\2.9\tex\latex\datatool\datatool-base
.sty
Package: datatool-base 2014/06/10 v2.22 (NLCT)
 ("C:\Program Files (x86)\MiKTeX 2.9\tex\latex\amsmath\amsmath.sty"
Package: amsmath 2013/01/14 v2.14 AMS math features
\@mathmargin=\skip186

For additional information on amsmath, use the `?' option.
("C:\Program Files (x86)\MiKTeX 2.9\tex\latex\amsmath\amstext.sty"
Package: amstext 2000/06/29 v2.01

("C:\Program Files (x86)\MiKTeX 2.9\tex\latex\amsmath\amsgen.sty"
File: amsgen.sty 1999/11/30 v2.0
\@emptytoks=\toks29
\ex@=\dimen164
))
("C:\Program Files (x86)\MiKTeX 2.9\tex\latex\amsmath\amsbsy.sty"
Package: amsbsy 1999/11/29 v1.2d
\pmbraise@=\dimen165
)
("C:\Program Files (x86)\MiKTeX 2.9\tex\latex\amsmath\amsopn.sty"
Package: amsopn 1999/12/14 v2.01 operator names
)
\inf@bad=\count159
LaTeX Info: Redefining \frac on input line 210.
\uproot@=\count160
\leftroot@=\count161
LaTeX Info: Redefining \overline on input line 306.
\classnum@=\count162
\DOTSCASE@=\count163
LaTeX Info: Redefining \ldots on input line 378.
LaTeX Info: Redefining \dots on input line 381.
LaTeX Info: Redefining \cdots on input line 466.
\Mathstrutbox@=\box29
\strutbox@=\box30
\big@size=\dimen166
LaTeX Font Info:    Redeclaring font encoding OML on input line 566.
LaTeX Font Info:    Redeclaring font encoding OMS on input line 567.
\macc@depth=\count164
\c@MaxMatrixCols=\count165
\dotsspace@=\muskip11
\c@parentequation=\count166
\dspbrk@lvl=\count167
\tag@help=\toks30
\row@=\count168
\column@=\count169
\maxfields@=\count170
\andhelp@=\toks31
\eqnshift@=\dimen167
\alignsep@=\dimen168
\tagshift@=\dimen169
\tagwidth@=\dimen170
\totwidth@=\dimen171
\lineht@=\dimen172
\@envbody=\toks32
\multlinegap=\skip187
\multlinetaggap=\skip188
\mathdisplay@stack=\toks33
LaTeX Info: Redefining \[ on input line 2665.
LaTeX Info: Redefining \] on input line 2666.
)
(C:\Users\Drugnanov\AppData\Roaming\MiKTeX\2.9\tex\latex\substr\substr.sty
Package: substr 2009/10/20 v1.2 Handle substrings
\c@su@anzahl=\count171
)
(C:\Users\Drugnanov\AppData\Roaming\MiKTeX\2.9\tex\latex\datatool\datatool-fp.s
ty
Package: datatool-fp 2013/08/29 v2.17 (NLCT)
 (C:\Users\Drugnanov\AppData\Roaming\MiKTeX\2.9\tex\latex\fp\fp.sty
Package: fp 1995/04/02

`Fixed Point Package', Version 0.8, April 2, 1995 (C) Michael Mehlich
(C:\Users\Drugnanov\AppData\Roaming\MiKTeX\2.9\tex\latex\fp\defpattern.sty
Package: defpattern 1994/10/12
\actioncount=\count172
)
(C:\Users\Drugnanov\AppData\Roaming\MiKTeX\2.9\tex\latex\fp\fp-basic.sty
Package: fp-basic 1996/05/13
\FP@xs=\count173
\FP@xia=\count174
\FP@xib=\count175
\FP@xfa=\count176
\FP@xfb=\count177
\FP@rega=\count178
\FP@regb=\count179
\FP@regs=\count180
\FP@times=\count181
)
(C:\Users\Drugnanov\AppData\Roaming\MiKTeX\2.9\tex\latex\fp\fp-addons.sty
Package: fp-addons 1995/03/15
)
(C:\Users\Drugnanov\AppData\Roaming\MiKTeX\2.9\tex\latex\fp\fp-snap.sty
Package: fp-snap 1995/04/05
)
(C:\Users\Drugnanov\AppData\Roaming\MiKTeX\2.9\tex\latex\fp\fp-exp.sty
Package: fp-exp 1995/04/03
)
(C:\Users\Drugnanov\AppData\Roaming\MiKTeX\2.9\tex\latex\fp\fp-trigo.sty
Package: fp-trigo 1995/04/14
)
(C:\Users\Drugnanov\AppData\Roaming\MiKTeX\2.9\tex\latex\fp\fp-pas.sty
Package: fp-pas 1994/08/29
)
(C:\Users\Drugnanov\AppData\Roaming\MiKTeX\2.9\tex\latex\fp\fp-random.sty
Package: fp-random 1995/02/23
\FPseed=\count182
)
(C:\Users\Drugnanov\AppData\Roaming\MiKTeX\2.9\tex\latex\fp\fp-eqn.sty
Package: fp-eqn 1995/04/03
)
(C:\Users\Drugnanov\AppData\Roaming\MiKTeX\2.9\tex\latex\fp\fp-upn.sty
Package: fp-upn 1996/10/21
)
(C:\Users\Drugnanov\AppData\Roaming\MiKTeX\2.9\tex\latex\fp\fp-eval.sty
Package: fp-eval 1995/04/03
)))
\@dtl@toks=\toks34
\@dtl@tmpcount=\count183
\dtl@tmplength=\skip189
\dtl@sortresult=\count184
\@dtl@numgrpsepcount=\count185
\@dtl@datatype=\count186
\dtl@codeA=\count187
\dtl@codeB=\count188
\@dtl@foreach@level=\count189
)
(C:\Users\Drugnanov\AppData\Roaming\MiKTeX\2.9\tex\latex\glossaries\base\glossa
ries-compatible-307.sty
Package: glossaries-compatible-307 2013/11/14 v4.0 (NLCT)
)
(C:\Users\Drugnanov\AppData\Roaming\MiKTeX\2.9\tex\latex\tracklang\tracklang.st
y
Package: tracklang 2015/03/23 v1.2 (NLCT) Track Languages

(C:\Users\Drugnanov\AppData\Roaming\MiKTeX\2.9\tex\generic\tracklang\tracklang.
tex))
(C:\Users\Drugnanov\AppData\Roaming\MiKTeX\2.9\tex\latex\beamer\base\translator
\translator.sty
Package: translator 2010/06/12 ver 1.10

(C:\Users\Drugnanov\AppData\Roaming\MiKTeX\2.9\tex\latex\beamer\base\translator
\translator-language-mappings.tex))

Package glossaries Warning: No language module detected for `czech'.
(glossaries)                Language modules need to be installed separately.
(glossaries)                Please check on CTAN for a bundle called
(glossaries)                `glossaries-czech' or similar.

\gls@level=\count190
\@gls@tmpb=\toks35
\gls@tmplen=\skip190

Package glossaries Warning: Overriding \printglossary on input line 5045.


Package glossaries Warning: Overriding `theglossary' environment on input line 
5684.

\glskeylisttok=\toks36
\glslabeltok=\toks37
\glsshorttok=\toks38
\glslongtok=\toks39

(C:\Users\Drugnanov\AppData\Roaming\MiKTeX\2.9\tex\latex\glossaries\styles\glos
sary-hypernav.sty
Package: glossary-hypernav 2013/11/14 v4.0 (NLCT)
)
(C:\Users\Drugnanov\AppData\Roaming\MiKTeX\2.9\tex\latex\glossaries\styles\glos
sary-list.sty
Package: glossary-list 2015/02/03 v4.13 (NLCT)
\glslistdottedwidth=\skip191
)
(C:\Users\Drugnanov\AppData\Roaming\MiKTeX\2.9\tex\latex\glossaries\styles\glos
sary-long.sty
Package: glossary-long 2013/11/14 v4.0 (NLCT)
 ("C:\Program Files (x86)\MiKTeX 2.9\tex\latex\tools\longtable.sty"
Package: longtable 2004/02/01 v4.11 Multi-page Table package (DPC)
\LTleft=\skip192
\LTright=\skip193
\LTpre=\skip194
\LTpost=\skip195
\LTchunksize=\count191
\LTcapwidth=\dimen173
\LT@head=\box31
\LT@firsthead=\box32
\LT@foot=\box33
\LT@lastfoot=\box34
\LT@cols=\count192
\LT@rows=\count193
\c@LT@tables=\count194
\c@LT@chunks=\count195
\LT@p@ftn=\toks40
)
\glsdescwidth=\skip196
\glspagelistwidth=\skip197
)
(C:\Users\Drugnanov\AppData\Roaming\MiKTeX\2.9\tex\latex\glossaries\styles\glos
sary-super.sty
Package: glossary-super 2013/11/14 v4.0 (NLCT)

(C:\Users\Drugnanov\AppData\Roaming\MiKTeX\2.9\tex\latex\supertabular\supertabu
lar.sty
Package: supertabular 2004/02/20 v4.1e the supertabular environment
\c@tracingst=\count196
\ST@wd=\dimen174
\ST@rightskip=\skip198
\ST@leftskip=\skip199
\ST@parfillskip=\skip200
\ST@pageleft=\dimen175
\ST@headht=\dimen176
\ST@tailht=\dimen177
\ST@pagesofar=\dimen178
\ST@pboxht=\dimen179
\ST@lineht=\dimen180
\ST@stretchht=\dimen181
\ST@prevht=\dimen182
\ST@toadd=\dimen183
\ST@dimen=\dimen184
\ST@pbox=\box35
))
(C:\Users\Drugnanov\AppData\Roaming\MiKTeX\2.9\tex\latex\glossaries\styles\glos
sary-tree.sty
Package: glossary-tree 2015/02/03 v4.13 (NLCT)
\glstreeindent=\skip201
))
\glswrite=\write4
\glo@main@file=\write5
Package glossaries Info: Writing glossary file BP_Slama_Michal_2015.glo on inpu
t line 24.
\glo@acronym@file=\write6
Package glossaries Info: Writing glossary file BP_Slama_Michal_2015.acn on inpu
t line 24.

(C:\Users\Drugnanov\AppData\Roaming\MiKTeX\2.9\tex\latex\todonotes\todonotes.st
y
Package: todonotes 2012/07/25 .dtx Todonotes source and documentation.
Package: todonotes 2012/07/25
 (C:\Users\Drugnanov\AppData\Roaming\MiKTeX\2.9\tex\latex\xcolor\xcolor.sty
Package: xcolor 2007/01/21 v2.11 LaTeX color extensions (UK)

("C:\Program Files (x86)\MiKTeX 2.9\tex\latex\00miktex\color.cfg"
File: color.cfg 2007/01/18 v1.5 color configuration of teTeX/TeXLive
)
Package xcolor Info: Driver file: pdftex.def on input line 225.
Package xcolor Info: Model `cmy' substituted by `cmy0' on input line 1337.
Package xcolor Info: Model `hsb' substituted by `rgb' on input line 1341.
Package xcolor Info: Model `RGB' extended on input line 1353.
Package xcolor Info: Model `HTML' substituted by `rgb' on input line 1355.
Package xcolor Info: Model `Hsb' substituted by `hsb' on input line 1356.
Package xcolor Info: Model `tHsb' substituted by `hsb' on input line 1357.
Package xcolor Info: Model `HSB' substituted by `hsb' on input line 1358.
Package xcolor Info: Model `Gray' substituted by `gray' on input line 1359.
Package xcolor Info: Model `wave' substituted by `hsb' on input line 1360.
)
(C:\Users\Drugnanov\AppData\Roaming\MiKTeX\2.9\tex\latex\pgf\frontendlayer\tikz
.sty
(C:\Users\Drugnanov\AppData\Roaming\MiKTeX\2.9\tex\latex\pgf\basiclayer\pgf.sty

(C:\Users\Drugnanov\AppData\Roaming\MiKTeX\2.9\tex\latex\pgf\utilities\pgfrcs.s
ty
(C:\Users\Drugnanov\AppData\Roaming\MiKTeX\2.9\tex\generic\pgf\utilities\pgfuti
l-common.tex
\pgfutil@everybye=\toks41
\pgfutil@tempdima=\dimen185
\pgfutil@tempdimb=\dimen186

(C:\Users\Drugnanov\AppData\Roaming\MiKTeX\2.9\tex\generic\pgf\utilities\pgfuti
l-common-lists.tex))
(C:\Users\Drugnanov\AppData\Roaming\MiKTeX\2.9\tex\generic\pgf\utilities\pgfuti
l-latex.def
\pgfutil@abb=\box36

(C:\Users\Drugnanov\AppData\Roaming\MiKTeX\2.9\tex\latex\ms\everyshi.sty
Package: everyshi 2001/05/15 v3.00 EveryShipout Package (MS)
))
(C:\Users\Drugnanov\AppData\Roaming\MiKTeX\2.9\tex\generic\pgf\utilities\pgfrcs
.code.tex
Package: pgfrcs 2013/12/20 v3.0.0 (rcs-revision 1.28)
))
Package: pgf 2013/12/18 v3.0.0 (rcs-revision 1.14)

(C:\Users\Drugnanov\AppData\Roaming\MiKTeX\2.9\tex\latex\pgf\basiclayer\pgfcore
.sty
(C:\Users\Drugnanov\AppData\Roaming\MiKTeX\2.9\tex\latex\pgf\systemlayer\pgfsys
.sty
(C:\Users\Drugnanov\AppData\Roaming\MiKTeX\2.9\tex\generic\pgf\systemlayer\pgfs
ys.code.tex
Package: pgfsys 2013/11/30 v3.0.0 (rcs-revision 1.47)

(C:\Users\Drugnanov\AppData\Roaming\MiKTeX\2.9\tex\generic\pgf\utilities\pgfkey
s.code.tex
\pgfkeys@pathtoks=\toks42
\pgfkeys@temptoks=\toks43

(C:\Users\Drugnanov\AppData\Roaming\MiKTeX\2.9\tex\generic\pgf\utilities\pgfkey
sfiltered.code.tex
\pgfkeys@tmptoks=\toks44
))
\pgf@x=\dimen187
\pgf@y=\dimen188
\pgf@xa=\dimen189
\pgf@ya=\dimen190
\pgf@xb=\dimen191
\pgf@yb=\dimen192
\pgf@xc=\dimen193
\pgf@yc=\dimen194
\w@pgf@writea=\write7
\r@pgf@reada=\read2
\c@pgf@counta=\count197
\c@pgf@countb=\count198
\c@pgf@countc=\count199
\c@pgf@countd=\count200
\t@pgf@toka=\toks45
\t@pgf@tokb=\toks46
\t@pgf@tokc=\toks47

(C:\Users\Drugnanov\AppData\Roaming\MiKTeX\2.9\tex\generic\pgf\systemlayer\pgf.
cfg
File: pgf.cfg 2008/05/14  (rcs-revision 1.7)
)
Driver file for pgf: pgfsys-pdftex.def

(C:\Users\Drugnanov\AppData\Roaming\MiKTeX\2.9\tex\generic\pgf\systemlayer\pgfs
ys-pdftex.def
File: pgfsys-pdftex.def 2013/07/18  (rcs-revision 1.33)

(C:\Users\Drugnanov\AppData\Roaming\MiKTeX\2.9\tex\generic\pgf\systemlayer\pgfs
ys-common-pdf.def
File: pgfsys-common-pdf.def 2013/10/10  (rcs-revision 1.13)
)))
(C:\Users\Drugnanov\AppData\Roaming\MiKTeX\2.9\tex\generic\pgf\systemlayer\pgfs
yssoftpath.code.tex
File: pgfsyssoftpath.code.tex 2013/09/09  (rcs-revision 1.9)
\pgfsyssoftpath@smallbuffer@items=\count201
\pgfsyssoftpath@bigbuffer@items=\count202
)
(C:\Users\Drugnanov\AppData\Roaming\MiKTeX\2.9\tex\generic\pgf\systemlayer\pgfs
ysprotocol.code.tex
File: pgfsysprotocol.code.tex 2006/10/16  (rcs-revision 1.4)
))
(C:\Users\Drugnanov\AppData\Roaming\MiKTeX\2.9\tex\generic\pgf\basiclayer\pgfco
re.code.tex
Package: pgfcore 2010/04/11 v3.0.0 (rcs-revision 1.7)

(C:\Users\Drugnanov\AppData\Roaming\MiKTeX\2.9\tex\generic\pgf\math\pgfmath.cod
e.tex
(C:\Users\Drugnanov\AppData\Roaming\MiKTeX\2.9\tex\generic\pgf\math\pgfmathcalc
.code.tex
(C:\Users\Drugnanov\AppData\Roaming\MiKTeX\2.9\tex\generic\pgf\math\pgfmathutil
.code.tex)
(C:\Users\Drugnanov\AppData\Roaming\MiKTeX\2.9\tex\generic\pgf\math\pgfmathpars
er.code.tex
\pgfmath@dimen=\dimen195
\pgfmath@count=\count203
\pgfmath@box=\box37
\pgfmath@toks=\toks48
\pgfmath@stack@operand=\toks49
\pgfmath@stack@operation=\toks50
)
(C:\Users\Drugnanov\AppData\Roaming\MiKTeX\2.9\tex\generic\pgf\math\pgfmathfunc
tions.code.tex
(C:\Users\Drugnanov\AppData\Roaming\MiKTeX\2.9\tex\generic\pgf\math\pgfmathfunc
tions.basic.code.tex)
(C:\Users\Drugnanov\AppData\Roaming\MiKTeX\2.9\tex\generic\pgf\math\pgfmathfunc
tions.trigonometric.code.tex)
(C:\Users\Drugnanov\AppData\Roaming\MiKTeX\2.9\tex\generic\pgf\math\pgfmathfunc
tions.random.code.tex)
(C:\Users\Drugnanov\AppData\Roaming\MiKTeX\2.9\tex\generic\pgf\math\pgfmathfunc
tions.comparison.code.tex)
(C:\Users\Drugnanov\AppData\Roaming\MiKTeX\2.9\tex\generic\pgf\math\pgfmathfunc
tions.base.code.tex)
(C:\Users\Drugnanov\AppData\Roaming\MiKTeX\2.9\tex\generic\pgf\math\pgfmathfunc
tions.round.code.tex)
(C:\Users\Drugnanov\AppData\Roaming\MiKTeX\2.9\tex\generic\pgf\math\pgfmathfunc
tions.misc.code.tex)
(C:\Users\Drugnanov\AppData\Roaming\MiKTeX\2.9\tex\generic\pgf\math\pgfmathfunc
tions.integerarithmetics.code.tex)))
(C:\Users\Drugnanov\AppData\Roaming\MiKTeX\2.9\tex\generic\pgf\math\pgfmathfloa
t.code.tex
\c@pgfmathroundto@lastzeros=\count204
))
(C:\Users\Drugnanov\AppData\Roaming\MiKTeX\2.9\tex\generic\pgf\basiclayer\pgfco
repoints.code.tex
File: pgfcorepoints.code.tex 2013/10/07  (rcs-revision 1.27)
\pgf@picminx=\dimen196
\pgf@picmaxx=\dimen197
\pgf@picminy=\dimen198
\pgf@picmaxy=\dimen199
\pgf@pathminx=\dimen200
\pgf@pathmaxx=\dimen201
\pgf@pathminy=\dimen202
\pgf@pathmaxy=\dimen203
\pgf@xx=\dimen204
\pgf@xy=\dimen205
\pgf@yx=\dimen206
\pgf@yy=\dimen207
\pgf@zx=\dimen208
\pgf@zy=\dimen209
)
(C:\Users\Drugnanov\AppData\Roaming\MiKTeX\2.9\tex\generic\pgf\basiclayer\pgfco
repathconstruct.code.tex
File: pgfcorepathconstruct.code.tex 2013/10/07  (rcs-revision 1.29)
\pgf@path@lastx=\dimen210
\pgf@path@lasty=\dimen211
)
(C:\Users\Drugnanov\AppData\Roaming\MiKTeX\2.9\tex\generic\pgf\basiclayer\pgfco
repathusage.code.tex
File: pgfcorepathusage.code.tex 2013/12/13  (rcs-revision 1.23)
\pgf@shorten@end@additional=\dimen212
\pgf@shorten@start@additional=\dimen213
)
(C:\Users\Drugnanov\AppData\Roaming\MiKTeX\2.9\tex\generic\pgf\basiclayer\pgfco
rescopes.code.tex
File: pgfcorescopes.code.tex 2013/10/09  (rcs-revision 1.44)
\pgfpic=\box38
\pgf@hbox=\box39
\pgf@layerbox@main=\box40
\pgf@picture@serial@count=\count205
)
(C:\Users\Drugnanov\AppData\Roaming\MiKTeX\2.9\tex\generic\pgf\basiclayer\pgfco
regraphicstate.code.tex
File: pgfcoregraphicstate.code.tex 2013/09/19  (rcs-revision 1.11)
\pgflinewidth=\dimen214
)
(C:\Users\Drugnanov\AppData\Roaming\MiKTeX\2.9\tex\generic\pgf\basiclayer\pgfco
retransformations.code.tex
File: pgfcoretransformations.code.tex 2013/10/10  (rcs-revision 1.17)
\pgf@pt@x=\dimen215
\pgf@pt@y=\dimen216
\pgf@pt@temp=\dimen217
)
(C:\Users\Drugnanov\AppData\Roaming\MiKTeX\2.9\tex\generic\pgf\basiclayer\pgfco
requick.code.tex
File: pgfcorequick.code.tex 2008/10/09  (rcs-revision 1.3)
)
(C:\Users\Drugnanov\AppData\Roaming\MiKTeX\2.9\tex\generic\pgf\basiclayer\pgfco
reobjects.code.tex
File: pgfcoreobjects.code.tex 2006/10/11  (rcs-revision 1.2)
)
(C:\Users\Drugnanov\AppData\Roaming\MiKTeX\2.9\tex\generic\pgf\basiclayer\pgfco
repathprocessing.code.tex
File: pgfcorepathprocessing.code.tex 2013/09/09  (rcs-revision 1.9)
)
(C:\Users\Drugnanov\AppData\Roaming\MiKTeX\2.9\tex\generic\pgf\basiclayer\pgfco
rearrows.code.tex
File: pgfcorearrows.code.tex 2013/11/07  (rcs-revision 1.40)
\pgfarrowsep=\dimen218
)
(C:\Users\Drugnanov\AppData\Roaming\MiKTeX\2.9\tex\generic\pgf\basiclayer\pgfco
reshade.code.tex
File: pgfcoreshade.code.tex 2013/07/15  (rcs-revision 1.15)
\pgf@max=\dimen219
\pgf@sys@shading@range@num=\count206
)
(C:\Users\Drugnanov\AppData\Roaming\MiKTeX\2.9\tex\generic\pgf\basiclayer\pgfco
reimage.code.tex
File: pgfcoreimage.code.tex 2013/07/15  (rcs-revision 1.18)

(C:\Users\Drugnanov\AppData\Roaming\MiKTeX\2.9\tex\generic\pgf\basiclayer\pgfco
reexternal.code.tex
File: pgfcoreexternal.code.tex 2013/07/15  (rcs-revision 1.20)
\pgfexternal@startupbox=\box41
))
(C:\Users\Drugnanov\AppData\Roaming\MiKTeX\2.9\tex\generic\pgf\basiclayer\pgfco
relayers.code.tex
File: pgfcorelayers.code.tex 2013/07/18  (rcs-revision 1.7)
)
(C:\Users\Drugnanov\AppData\Roaming\MiKTeX\2.9\tex\generic\pgf\basiclayer\pgfco
retransparency.code.tex
File: pgfcoretransparency.code.tex 2013/09/30  (rcs-revision 1.5)
)
(C:\Users\Drugnanov\AppData\Roaming\MiKTeX\2.9\tex\generic\pgf\basiclayer\pgfco
repatterns.code.tex
File: pgfcorepatterns.code.tex 2013/11/07  (rcs-revision 1.5)
)))
(C:\Users\Drugnanov\AppData\Roaming\MiKTeX\2.9\tex\generic\pgf\modules\pgfmodul
eshapes.code.tex
File: pgfmoduleshapes.code.tex 2013/10/31  (rcs-revision 1.34)
\pgfnodeparttextbox=\box42
)
(C:\Users\Drugnanov\AppData\Roaming\MiKTeX\2.9\tex\generic\pgf\modules\pgfmodul
eplot.code.tex
File: pgfmoduleplot.code.tex 2013/07/31  (rcs-revision 1.12)
)
(C:\Users\Drugnanov\AppData\Roaming\MiKTeX\2.9\tex\latex\pgf\compatibility\pgfc
omp-version-0-65.sty
Package: pgfcomp-version-0-65 2007/07/03 v3.0.0 (rcs-revision 1.7)
\pgf@nodesepstart=\dimen220
\pgf@nodesepend=\dimen221
)
(C:\Users\Drugnanov\AppData\Roaming\MiKTeX\2.9\tex\latex\pgf\compatibility\pgfc
omp-version-1-18.sty
Package: pgfcomp-version-1-18 2007/07/23 v3.0.0 (rcs-revision 1.1)
))
(C:\Users\Drugnanov\AppData\Roaming\MiKTeX\2.9\tex\latex\pgf\utilities\pgffor.s
ty
(C:\Users\Drugnanov\AppData\Roaming\MiKTeX\2.9\tex\latex\pgf\utilities\pgfkeys.
sty
(C:\Users\Drugnanov\AppData\Roaming\MiKTeX\2.9\tex\generic\pgf\utilities\pgfkey
s.code.tex))
(C:\Users\Drugnanov\AppData\Roaming\MiKTeX\2.9\tex\latex\pgf\math\pgfmath.sty
(C:\Users\Drugnanov\AppData\Roaming\MiKTeX\2.9\tex\generic\pgf\math\pgfmath.cod
e.tex))
(C:\Users\Drugnanov\AppData\Roaming\MiKTeX\2.9\tex\generic\pgf\utilities\pgffor
.code.tex
Package: pgffor 2013/12/13 v3.0.0 (rcs-revision 1.25)

(C:\Users\Drugnanov\AppData\Roaming\MiKTeX\2.9\tex\generic\pgf\math\pgfmath.cod
e.tex)
\pgffor@iter=\dimen222
\pgffor@skip=\dimen223
\pgffor@stack=\toks51
\pgffor@toks=\toks52
))
(C:\Users\Drugnanov\AppData\Roaming\MiKTeX\2.9\tex\generic\pgf\frontendlayer\ti
kz\tikz.code.tex
Package: tikz 2013/12/13 v3.0.0 (rcs-revision 1.142)

(C:\Users\Drugnanov\AppData\Roaming\MiKTeX\2.9\tex\generic\pgf\libraries\pgflib
raryplothandlers.code.tex
File: pgflibraryplothandlers.code.tex 2013/08/31 v3.0.0 (rcs-revision 1.20)
\pgf@plot@mark@count=\count207
\pgfplotmarksize=\dimen224
)
\tikz@lastx=\dimen225
\tikz@lasty=\dimen226
\tikz@lastxsaved=\dimen227
\tikz@lastysaved=\dimen228
Normal \dimen register pool exhausted, switching to extended pool.
\tikzleveldistance=\dimen256
\tikzsiblingdistance=\dimen257
\tikz@figbox=\box43
\tikz@figbox@bg=\box44
\tikz@tempbox=\box45
\tikz@tempbox@bg=\box46
\tikztreelevel=\count208
\tikznumberofchildren=\count209
\tikznumberofcurrentchild=\count210
\tikz@fig@count=\count211

(C:\Users\Drugnanov\AppData\Roaming\MiKTeX\2.9\tex\generic\pgf\modules\pgfmodul
ematrix.code.tex
File: pgfmodulematrix.code.tex 2013/09/17  (rcs-revision 1.8)
\pgfmatrixcurrentrow=\count212
\pgfmatrixcurrentcolumn=\count213
\pgf@matrix@numberofcolumns=\count214
)
\tikz@expandcount=\count215

(C:\Users\Drugnanov\AppData\Roaming\MiKTeX\2.9\tex\generic\pgf\frontendlayer\ti
kz\libraries\tikzlibrarytopaths.code.tex
File: tikzlibrarytopaths.code.tex 2008/06/17 v3.0.0 (rcs-revision 1.2)
)))
(C:\Users\Drugnanov\AppData\Roaming\MiKTeX\2.9\tex\generic\pgf\frontendlayer\ti
kz\libraries\tikzlibrarypositioning.code.tex
File: tikzlibrarypositioning.code.tex 2008/10/06 v3.0.0 (rcs-revision 1.7)
)
("C:\Program Files (x86)\MiKTeX 2.9\tex\latex\tools\calc.sty"
Package: calc 2007/08/22 v4.3 Infix arithmetic (KKT,FJ)
\calc@Acount=\count216
\calc@Bcount=\count217
\calc@Adimen=\dimen258
\calc@Bdimen=\dimen259
\calc@Askip=\skip202
\calc@Bskip=\skip203
LaTeX Info: Redefining \setlength on input line 76.
LaTeX Info: Redefining \addtolength on input line 77.
\calc@Ccount=\count218
\calc@Cskip=\skip204
)
\c@@todonotes@numberoftodonotes=\count219
)
(C:\Users\Drugnanov\AppData\Roaming\MiKTeX\2.9\tex\latex\enumitem\enumitem.sty
Package: enumitem 2011/09/28 v3.5.2 Customized lists
\labelindent=\skip205
\enit@outerparindent=\dimen260
\enit@toks=\toks53
\enit@inbox=\box47
\enitdp@description=\count220
)
(C:\Users\Drugnanov\AppData\Roaming\MiKTeX\2.9\tex\latex\spverbatim\spverbatim.
sty
Package: spverbatim 2009/08/10 v1.0 Verbatim with breakable spaces
)
(C:\Users\Drugnanov\AppData\Roaming\MiKTeX\2.9\tex\latex\listings\listings.sty
\lst@mode=\count221
\lst@gtempboxa=\box48
\lst@token=\toks54
\lst@length=\count222
\lst@currlwidth=\dimen261
\lst@column=\count223
\lst@pos=\count224
\lst@lostspace=\dimen262
\lst@width=\dimen263
\lst@newlines=\count225
\lst@lineno=\count226
\lst@maxwidth=\dimen264

(C:\Users\Drugnanov\AppData\Roaming\MiKTeX\2.9\tex\latex\listings\lstmisc.sty
File: lstmisc.sty 2014/09/06 1.5e (Carsten Heinz)
\c@lstnumber=\count227
\lst@skipnumbers=\count228
\lst@framebox=\box49
)
(C:\Users\Drugnanov\AppData\Roaming\MiKTeX\2.9\tex\latex\listings\listings.cfg
File: listings.cfg 2014/09/06 1.5e listings configuration
))
Package: listings 2014/09/06 1.5e (Carsten Heinz)


Class memoir Warning: You are using the caption package with the memoir class. 
To prepare we will now reset all captioning macros and configurations to kernel
 defaults, and then let the caption package take over. Please remember to use t
he caption package interfaces in order to configure your captions. .

(C:\Users\Drugnanov\AppData\Roaming\MiKTeX\2.9\tex\latex\caption\caption.sty
Package: caption 2013/05/02 v3.3-89 Customizing captions (AR)

(C:\Users\Drugnanov\AppData\Roaming\MiKTeX\2.9\tex\latex\caption\caption3.sty
Package: caption3 2013/05/02 v1.6-88 caption3 kernel (AR)
Package caption3 Info: TeX engine: e-TeX on input line 57.
\captionmargin=\dimen265
\captionmargin@=\dimen266
\captionwidth=\dimen267
\caption@tempdima=\dimen268
\caption@indent=\dimen269
\caption@parindent=\dimen270
\caption@hangindent=\dimen271
)
Normal \count register pool exhausted, switching to extended pool.
\c@ContinuedFloat=\count277
Package caption Info: hyperref package is loaded.
Package caption Info: listings package is loaded.
Package caption Info: longtable package is loaded.

(C:\Users\Drugnanov\AppData\Roaming\MiKTeX\2.9\tex\latex\caption\ltcaption.sty
Package: ltcaption 2013/02/03 v1.3-62 longtable captions (AR)
)
Package caption Info: supertabular package is loaded.
)
(C:\Users\Drugnanov\AppData\Roaming\MiKTeX\2.9\tex\latex\listings\lstlang1.sty
File: lstlang1.sty 2014/09/06 1.5e listings language file
) (D:\01.Skola\01.Bakalarka\04.Dokumentace_new_cvut\BP_Slama_Michal_2015.aux

LaTeX Warning: Label `technology:facebook_sdk' multiply defined.


LaTeX Warning: Label `realization:restapi_controller' multiply defined.

)
LaTeX Font Info:    Checking defaults for OML/cmm/m/it on input line 87.
LaTeX Font Info:    ... okay on input line 87.
LaTeX Font Info:    Checking defaults for T1/cmr/m/n on input line 87.
LaTeX Font Info:    ... okay on input line 87.
LaTeX Font Info:    Checking defaults for OT1/cmr/m/n on input line 87.
LaTeX Font Info:    ... okay on input line 87.
LaTeX Font Info:    Checking defaults for OMS/cmsy/m/n on input line 87.
LaTeX Font Info:    ... okay on input line 87.
LaTeX Font Info:    Checking defaults for OMX/cmex/m/n on input line 87.
LaTeX Font Info:    ... okay on input line 87.
LaTeX Font Info:    Checking defaults for U/cmr/m/n on input line 87.
LaTeX Font Info:    ... okay on input line 87.
LaTeX Font Info:    Checking defaults for PD1/pdf/m/n on input line 87.
LaTeX Font Info:    ... okay on input line 87.
LaTeX Font Info:    Try loading font information for T1+lmr on input line 87.
 ("C:\Program Files (x86)\MiKTeX 2.9\tex\latex\lm\t1lmr.fd"
File: t1lmr.fd 2009/10/30 v1.6 Font defs for Latin Modern
)
\AtBeginShipoutBox=\box50
Package hyperref Info: Link coloring OFF on input line 87.

("C:\Program Files (x86)\MiKTeX 2.9\tex\latex\hyperref\nameref.sty"
Package: nameref 2012/10/27 v2.43 Cross-referencing by name of section

("C:\Program Files (x86)\MiKTeX 2.9\tex\generic\oberdiek\gettitlestring.sty"
Package: gettitlestring 2010/12/03 v1.4 Cleanup title references (HO)
)
\c@section@level=\count278
)
Redoing nameref's sectioning
Redoing nameref's label
LaTeX Info: Redefining \nameref on input line 87.
LaTeX Info: Redefining \ref on input line 87.
LaTeX Info: Redefining \pageref on input line 87.
LaTeX Info: Redefining \nameref on input line 87.
(D:\01.Skola\01.Bakalarka\04.Dokumentace_new_cvut\BP_Slama_Michal_2015.out)
(D:\01.Skola\01.Bakalarka\04.Dokumentace_new_cvut\BP_Slama_Michal_2015.out)
\@outlinefile=\write8

(C:\Users\Drugnanov\AppData\Roaming\MiKTeX\2.9\tex\context\base\supp-pdf.mkii
[Loading MPS to PDF converter (version 2006.09.02).]
\scratchcounter=\count279
\scratchdimen=\dimen272
\scratchbox=\box51
\nofMPsegments=\count280
\nofMParguments=\count281
\everyMPshowfont=\toks55
\MPscratchCnt=\count282
\MPscratchDim=\dimen273
\MPnumerator=\count283
\makeMPintoPDFobject=\count284
\everyMPtoPDFconversion=\toks56
)
(D:\01.Skola\01.Bakalarka\04.Dokumentace_new_cvut\BP_Slama_Michal_2015.glsdefs)
ABD: EveryShipout initializing macros
\c@lstlisting=\count285
Package caption Info: Begin \AtBeginDocument code.
Package caption Info: End \AtBeginDocument code.
 [1


{C:/Users/Drugnanov/AppData/Local/MiKTeX/2.9/pdftex/config/pdftex.map}] [2

]
LaTeX Font Info:    Try loading font information for OT1+lmr on input line 87.

("C:\Program Files (x86)\MiKTeX 2.9\tex\latex\lm\ot1lmr.fd"
File: ot1lmr.fd 2009/10/30 v1.6 Font defs for Latin Modern
)
LaTeX Font Info:    Try loading font information for OML+lmm on input line 87.

("C:\Program Files (x86)\MiKTeX 2.9\tex\latex\lm\omllmm.fd"
File: omllmm.fd 2009/10/30 v1.6 Font defs for Latin Modern
)
LaTeX Font Info:    Try loading font information for OMS+lmsy on input line 87.


("C:\Program Files (x86)\MiKTeX 2.9\tex\latex\lm\omslmsy.fd"
File: omslmsy.fd 2009/10/30 v1.6 Font defs for Latin Modern
)
LaTeX Font Info:    Try loading font information for OMX+lmex on input line 87.


("C:\Program Files (x86)\MiKTeX 2.9\tex\latex\lm\omxlmex.fd"
File: omxlmex.fd 2009/10/30 v1.6 Font defs for Latin Modern
)
LaTeX Font Info:    External font `lmex10' loaded for size
(Font)              <10.95> on input line 87.
LaTeX Font Info:    External font `lmex10' loaded for size
(Font)              <8> on input line 87.
LaTeX Font Info:    External font `lmex10' loaded for size
(Font)              <6> on input line 87.

<cvut-logo-bw.pdf, id=104, 91.34125pt x 69.25874pt>
File: cvut-logo-bw.pdf Graphic file (type pdf)
 <use cvut-logo-bw.pdf>
Package pdftex.def Info: cvut-logo-bw.pdf used on input line 87.
(pdftex.def)             Requested size: 59.04135pt x 44.76717pt.
pdfTeX warning (ext4): destination with the same identifier (name{page.i}) has 
been already used, duplicate ignored
<to be read again> 
                   \relax 
l.87 \begin{document}
                      [1 <D:/01.Skola/01.Bakalarka/04.Dokumentace_new_cvut/cvut
-logo-bw.pdf>]pdfTeX warning (ext4): destination with the same identifier (name
{page.ii}) has been already used, duplicate ignored
<to be read again> 
                   \relax 
l.87 \begin{document}
                      [2

]

LaTeX Font Warning: Font shape `T1/lmr/bx/sc' undefined
(Font)              using `T1/lmr/bx/n' instead on input line 87.

LaTeX Font Info:    Try loading font information for T1+lmss on input line 87.
("C:\Program Files (x86)\MiKTeX 2.9\tex\latex\lm\t1lmss.fd"
File: t1lmss.fd 2009/10/30 v1.6 Font defs for Latin Modern
)

LaTeX Font Warning: Font shape `T1/lmss/bx/sc' undefined
(Font)              using `T1/lmss/bx/n' instead on input line 87.

[5

] [6

] [7]
LaTeX Font Info:    Try loading font information for OMS+lmr on input line 87.
 ("C:\Program Files (x86)\MiKTeX 2.9\tex\latex\lm\omslmr.fd"
File: omslmr.fd 2009/10/30 v1.6 Font defs for Latin Modern
)
LaTeX Font Info:    Font shape `OMS/lmr/m/n' in size <10.95> not available
(Font)              Font shape `OMS/lmsy/m/n' tried instead on input line 87.

[8

] [9

] [10

]
(D:\01.Skola\01.Bakalarka\04.Dokumentace_new_cvut\BP_Slama_Michal_2015.toc)
[11] [12

]
(D:\01.Skola\01.Bakalarka\04.Dokumentace_new_cvut\BP_Slama_Michal_2015.lof

LaTeX Warning: Citation `doit_overviewgram' on page xiii undefined on input lin
e 8.

) [13] [14

]
(D:\01.Skola\01.Bakalarka\04.Dokumentace_new_cvut\BP_Slama_Michal_2015.lot)
[15] [16

]
\@gls@deffile=\write9

(D:\01.Skola\01.Bakalarka\04.Dokumentace_new_cvut\BP_Slama_Michal_2015.tdo)
Package hyperref Info: bookmark level for unknown todo defaults to 0 on input l
ine 113.

[1

] [2

] [3] [4

] [5] [6

]
LaTeX Font Info:    Font shape `T1/lmss/bx/it' in size <24.88> not available
(Font)              Font shape `T1/lmss/bx/sl' tried instead on input line 144.


Underfull \hbox (badness 10000) in paragraph at lines 152--153

 []

[7]
Underfull \hbox (badness 10000) in paragraph at lines 169--172

 []


Underfull \hbox (badness 10000) in paragraph at lines 178--181

 []

[8] <pictures/gtd_graph.jpg, id=306, 109.1277pt x 154.176pt>
File: pictures/gtd_graph.jpg Graphic file (type jpg)

<use pictures/gtd_graph.jpg>
Package pdftex.def Info: pictures/gtd_graph.jpg used on input line 195.
(pdftex.def)             Requested size: 369.0pt x 521.3354pt.

Underfull \vbox (badness 10000) has occurred while \output is active []

 [9 <D:/01.Skola/01.Bakalarka/04.Dokumentace_new_cvut/pictures/gtd_graph.jpg>]
Overfull \hbox (3.23965pt too wide) in paragraph at lines 231--232
\T1/lmr/m/n/10.95 Kritickm kl-em k sp-chu jsou pra-vi-deln zhod-no-cen v
ech ak-tu-l-nch kol.
 []

[10]
Overfull \hbox (4.94588pt too wide) in paragraph at lines 245--246
[]\T1/lmr/m/n/10.95 Dalmi mo-nmi fil-try jsou \T1/lmr/m/it/10.95 do-stupn 
as\T1/lmr/m/n/10.95 , \T1/lmr/m/it/10.95 do-stupn ener-gie \T1/lmr/m/n/10.95 
(jak moc sv
 []


Package hyperref Warning: Composite letter `\textasciicaron+c'
(hyperref)                not defined in PD1 encoding,
(hyperref)                removing `\textasciicaron' on input line 259.

<pictures/toodledo_overview.jpg, id=327, 1302.8675pt x 707.64375pt>
File: pictures/toodledo_overview.jpg Graphic file (type jpg)

<use pictures/toodledo_overview.jpg>
Package pdftex.def Info: pictures/toodledo_overview.jpg used on input line 277.

(pdftex.def)             Requested size: 369.0pt x 200.41722pt.
 [11]
<pictures/doit_overview.jpg, id=337, 481.8pt x 803.0pt>
File: pictures/doit_overview.jpg Graphic file (type jpg)

<use pictures/doit_overview.jpg>
Package pdftex.def Info: pictures/doit_overview.jpg used on input line 296.
(pdftex.def)             Requested size: 154.98047pt x 258.29887pt.


LaTeX Warning: Citation `doit_overviewgram' on page 12 undefined on input line 
297.


LaTeX Warning: Citation `doit_overviewgram' on page 12 undefined on input line 
297.


LaTeX Warning: `h' float specifier changed to `ht'.

[12 <D:/01.Skola/01.Bakalarka/04.Dokumentace_new_cvut/pictures/toodledo_overvie
w.jpg>] <pictures/wunderlist_overview.png, id=343, 134.904pt x 96.6009pt>
File: pictures/wunderlist_overview.png Graphic file (type png)

<use pictures/wunderlist_overview.png>
Package pdftex.def Info: pictures/wunderlist_overview.png used on input line 31
5.
(pdftex.def)             Requested size: 360.74216pt x 258.29887pt.


LaTeX Warning: `h' float specifier changed to `ht'.

[13 <D:/01.Skola/01.Bakalarka/04.Dokumentace_new_cvut/pictures/doit_overview.jp
g>] [14 <D:/01.Skola/01.Bakalarka/04.Dokumentace_new_cvut/pictures/wunderlist_o
verview.png (PNG copy)>] [15] [16

]

Package hyperref Warning: Composite letter `\textasciicaron+e'
(hyperref)                not defined in PD1 encoding,
(hyperref)                removing `\textasciicaron' on input line 364.


Underfull \vbox (badness 1810) has occurred while \output is active []

 [17]
<pictures/gtd_deployment_model.jpg, id=376, 893.3375pt x 575.14874pt>
File: pictures/gtd_deployment_model.jpg Graphic file (type jpg)

<use pictures/gtd_deployment_model.jpg>
Package pdftex.def Info: pictures/gtd_deployment_model.jpg used on input line 3
79.
(pdftex.def)             Requested size: 369.0pt x 237.56772pt.


Package hyperref Warning: Composite letter `\textasciicaron+r'
(hyperref)                not defined in PD1 encoding,
(hyperref)                removing `\textasciicaron' on input line 386.


Underfull \vbox (badness 2990) has occurred while \output is active []

 [18 <D:/01.Skola/01.Bakalarka/04.Dokumentace_new_cvut/pictures/gtd_deployment_
model.jpg>]

LaTeX Warning: Reference `design_facebook_grapapi_explorer' on page 19 undefine
d on input line 434.


Overfull \hbox (9.0403pt too wide) in paragraph at lines 442--443
\T1/lmr/m/n/10.95 Google ka-len-d je sou-st ro-diny Go-o-gle aplikac[[]].
 Ze sta-tis-tik pro Gmail[[]]
 []

[19]

LaTeX Warning: Reference `design_google_access_token' on page 20 undefined on i
nput line 450.


LaTeX Warning: Reference `design_google_playgroundcebook_grapapi_explorer' on p
age 20 undefined on input line 480.


Underfull \hbox (badness 10000) in paragraph at lines 490--493

 []

[20]
Underfull \hbox (badness 10000) in paragraph at lines 505--505
[]|\T1/lmr/m/n/10.95 vce mo-nch
 []


Underfull \hbox (badness 10000) in paragraph at lines 506--506
[]|\T1/lmr/m/n/10.95 Monost
 []


Underfull \hbox (badness 10000) in paragraph at lines 507--507
[]|\T1/lmr/m/n/10.95 Formt
 []


Underfull \hbox (badness 10000) in paragraph at lines 509--509
[]|\T1/lmr/m/n/10.95 SSL + WS-
 []


Underfull \hbox (badness 10000) in paragraph at lines 511--511
[]|\T1/lmr/m/n/10.95 Rychlost
 []


Underfull \hbox (badness 10000) in paragraph at lines 512--512
[]|\T1/lmr/m/n/10.95 Jednodu
 []

LaTeX Font Info:    External font `lmex10' loaded for size
(Font)              <9> on input line 522.
LaTeX Font Info:    External font `lmex10' loaded for size
(Font)              <5> on input line 522.
[21] [22]

LaTeX Warning: Citation `design_restapi_restf' on page 23 undefined on input li
ne 563.


Underfull \hbox (badness 10000) in paragraph at lines 575--576

 []


Underfull \hbox (badness 10000) in paragraph at lines 577--578

 []

[23]
Overfull \hbox (1.48868pt too wide) in paragraph at lines 594--595
[]\T1/lmr/m/n/10.95 DigitalOcean po-sky-tuje tzv. dro-plet. Fun-guje jako vir-t
u-ln ser-ver a sprvce
 []


Underfull \hbox (badness 10000) in paragraph at lines 612--613

 []

[24]
Underfull \hbox (badness 10000) in paragraph at lines 625--626

 []


Overfull \hbox (2.65709pt too wide) in paragraph at lines 646--647
[]\T1/lmr/m/n/10.95 Autoi An-dro-idu do-po-ru-uj vol-bou [][]SDK[] po-krt 9
0% ak-tiv-nch zazen[[]].
 []


Overfull \hbox (296.63045pt too wide) in paragraph at lines 654--656
[]\T1/lmr/m/n/10.95 Verze SDK a p-slun verze apli-kace Fa-ce-book lze sth-
nout na href''https://developers.facebook.com/docs/android/downloads''Facebook
 []

[25]
Underfull \hbox (badness 10000) in paragraph at lines 724--725

 []

<pictures/gtd_raml_anypoint.png, id=598, 1014.79124pt x 438.8897pt>
File: pictures/gtd_raml_anypoint.png Graphic file (type png)

<use pictures/gtd_raml_anypoint.png>
Package pdftex.def Info: pictures/gtd_raml_anypoint.png used on input line 733.

(pdftex.def)             Requested size: 369.0pt x 159.58733pt.


LaTeX Warning: `!h' float specifier changed to `!ht'.

[26] [27] [28 <D:/01.Skola/01.Bakalarka/04.Dokumentace_new_cvut/pictures/gtd_ra
ml_anypoint.png>] [29

]
LaTeX Font Info:    Try loading font information for T1+lmtt on input line 775.


("C:\Program Files (x86)\MiKTeX 2.9\tex\latex\lm\t1lmtt.fd"
File: t1lmtt.fd 2009/10/30 v1.6 Font defs for Latin Modern
)
Package hyperref Info: bookmark level for unknown lstlisting defaults to 0 on i
nput line 791.

Overfull \hbox (6.0pt too wide) in paragraph at lines 791--791
[][][][][][][] 
 []

(D:\01.Skola\01.Bakalarka\04.Dokumentace_new_cvut\codes/controller_task.java
[30])
Underfull \vbox (badness 10000) has occurred while \output is active []

 [31]
Overfull \hbox (6.0pt too wide) in paragraph at lines 797--797
[][][][][][][] 
 []

(D:\01.Skola\01.Bakalarka\04.Dokumentace_new_cvut\codes/servise_person.java
[32]
Overfull \hbox (33.56299pt too wide) in paragraph at lines 43--44
[][][][][][][][][][][][][][][][][][][]  
 []

)
Overfull \hbox (6.0pt too wide) in paragraph at lines 803--803
[][][][][][][] 
 []

(D:\01.Skola\01.Bakalarka\04.Dokumentace_new_cvut\codes/dao_person.java
[33])
Overfull \hbox (6.0pt too wide) in paragraph at lines 809--809
[][][][][][][] 
 []

(D:\01.Skola\01.Bakalarka\04.Dokumentace_new_cvut\codes/hibernate_person.java
[34])
<pictures/gtd_entity_relationship_diagram.jpg, id=844, 1680.2775pt x 1370.11874
pt>
File: pictures/gtd_entity_relationship_diagram.jpg Graphic file (type jpg)
 <use pictures/gtd_entity_relationship_diagram.jpg>
Package pdftex.def Info: pictures/gtd_entity_relationship_diagram.jpg used on i
nput line 816.
(pdftex.def)             Requested size: 529.4697pt x 431.72932pt.

Overfull \hbox (6.0pt too wide) in paragraph at lines 834--834
[][][][][][][] 
 []

[35] [36 <D:/01.Skola/01.Bakalarka/04.Dokumentace_new_cvut/pictures/gtd_entity_
relationship_diagram.jpg>]
Overfull \hbox (6.0pt too wide) in paragraph at lines 841--841
[][][][][][][] 
 []

(D:\01.Skola\01.Bakalarka\04.Dokumentace_new_cvut\codes/auth_token_check.java
Overfull \hbox (2.5326pt too wide) in paragraph at lines 18--19
[][]  
 []


Overfull \hbox (5.21277pt too wide) in paragraph at lines 28--29
[][][][][][][][][][][]  
 []

[37])
Overfull \hbox (6.0pt too wide) in paragraph at lines 864--864
[][][][][][][] 
 []

(D:\01.Skola\01.Bakalarka\04.Dokumentace_new_cvut\codes/facebook_publish.java
[38]) [39]
Overfull \hbox (6.0pt too wide) in paragraph at lines 888--888
[][][][][][][] 
 []

(D:\01.Skola\01.Bakalarka\04.Dokumentace_new_cvut\codes/google_publish.java
[40])

LaTeX Warning: Reference `retrofit_configuration' on page 41 undefined on input
 line 919.


Overfull \hbox (6.0pt too wide) in paragraph at lines 928--928
[][][][][][][] 
 []

[41]
(D:\01.Skola\01.Bakalarka\04.Dokumentace_new_cvut\codes/retrofit_configuration.
java
Overfull \hbox (5.21277pt too wide) in paragraph at lines 27--28
[][][][][][] 
 []

)
Overfull \hbox (6.0pt too wide) in paragraph at lines 932--932
[][][][][][][] 
 []

[42]
(D:\01.Skola\01.Bakalarka\04.Dokumentace_new_cvut\codes/retrofit_interface.java
)
Overfull \hbox (6.0pt too wide) in paragraph at lines 936--936
[][][][][][][] 
 []


(D:\01.Skola\01.Bakalarka\04.Dokumentace_new_cvut\codes/retrofit_bootstrap_serv
ice.java [43])
Overfull \hbox (6.0pt too wide) in paragraph at lines 938--938
[][][][][][][] 
 []

(D:\01.Skola\01.Bakalarka\04.Dokumentace_new_cvut\codes/retrofit_example.java)

LaTeX Warning: Reference `Klient pro konzumaci REST API' on page 44 undefined o
n input line 954.


Overfull \hbox (6.0pt too wide) in paragraph at lines 956--956
[][][][][][][] 
 []

[44]
(D:\01.Skola\01.Bakalarka\04.Dokumentace_new_cvut\codes/android_asyncTasks.java

Underfull \vbox (badness 10000) has occurred while \output is active []

 [45])
Underfull \vbox (badness 10000) has occurred while \output is active []

 [46]
Overfull \hbox (60.7208pt too wide) in paragraph at lines 987--987
\T1/lmr/m/n/10.95 d:01.Skola01.Bakalarka30.Vyvoj 
 []


Overfull \hbox (60.7208pt too wide) in paragraph at lines 987--987
\T1/lmr/m/n/10.95 d:01.Skola01.Bakalarka30.Vyvoj 
 []


Overfull \hbox (60.7208pt too wide) in paragraph at lines 987--987
\T1/lmr/m/n/10.95 d:01.Skola01.Bakalarka30.Vyvoj 
 []


Overfull \hbox (60.7208pt too wide) in paragraph at lines 987--987
\T1/lmr/m/n/10.95 d:01.Skola01.Bakalarka30.Vyvoj 
 []


LaTeX Warning: Marginpar on page 47 moved by 9.11551pt.

[47] [48

]

Package hyperref Warning: Composite letter `\textasciicaron+e'
(hyperref)                not defined in PD1 encoding,
(hyperref)                removing `\textasciicaron' on input line 1007.

[49] (D:\01.Skola\01.Bakalarka\04.Dokumentace_new_cvut\BP_Slama_Michal_2015.bbl
[50]
bibitemlist

Underfull \hbox (badness 1087) in paragraph at lines 22--24
\T1/lmr/m/n/10.95 stupn z: []$\T1/lmtt/m/n/10.95 http : / / purplezengoat\OML/
lmm/m/it/10.95 :\T1/lmtt/m/n/10.95 com / 2012 / 04 / 06 / toodledo -[] weird -[
]$
 []


Underfull \hbox (badness 1205) in paragraph at lines 31--33
[]\T1/lmr/m/n/10.95 Thin cli-ent. [on-line], 2015, [cit. 2015-04-29]. Do-stupn
 z: []$\T1/lmtt/m/n/10.95 http : / /$
 []


Underfull \hbox (badness 2142) in paragraph at lines 35--37
[]\T1/lmr/m/n/10.95 Facebook. [on-line], 2015, [cit. 2015-05-05]. Do-stupn z: 
[]$\T1/lmtt/m/n/10.95 https : / /$
 []


Underfull \hbox (badness 10000) in paragraph at lines 39--41
\T1/lmr/m/n/10.95 z: []$\T1/lmtt/m/n/10.95 http : / / www\OML/lmm/m/it/10.95 :\
T1/lmtt/m/n/10.95 statista\OML/lmm/m/it/10.95 :\T1/lmtt/m/n/10.95 com / statist
ics / 272014 / global -[] social -[]$
 []

[51

]
Underfull \hbox (badness 1314) in paragraph at lines 60--62
[]\T1/lmr/m/n/10.95 Facebook Lo-gin for An-droid. [on-line], 2015, [cit. 2015-0
5-10]. Do-
 []


Underfull \hbox (badness 1466) in paragraph at lines 76--79
[]\T1/lmr/m/n/10.95 Start in-te-gra-ting Go-o-gle Sign-In into your An-droid ap
p. [on-line],
 []


Underfull \hbox (badness 3884) in paragraph at lines 90--93
[]\T1/lmr/m/n/10.95 Dhingra, S.: REST vs. SOAP: How to cho-ose the best Web
 []


Underfull \hbox (badness 10000) in paragraph at lines 90--93
\T1/lmr/m/n/10.95 ser-vice. [on-line], 2013, [cit. 2015-05-05]. Do-stupn z: []
$\T1/lmtt/m/n/10.95 http :$
 []


Underfull \hbox (badness 10000) in paragraph at lines 90--93
$\T1/lmtt/m/n/10.95 / / searchsoa\OML/lmm/m/it/10.95 :\T1/lmtt/m/n/10.95 techta
rget\OML/lmm/m/it/10.95 :\T1/lmtt/m/n/10.95 com / tip / REST -[] vs -[] SOAP -[
] How -[] to -[] choose -[]$
 []


Underfull \hbox (badness 10000) in paragraph at lines 100--102
\T1/lmr/m/n/10.95 z: []$\T1/lmtt/m/n/10.95 http : / / www\OML/lmm/m/it/10.95 :\
T1/lmtt/m/n/10.95 soapui\OML/lmm/m/it/10.95 :\T1/lmtt/m/n/10.95 org / testing -
[] dojo / world -[] of -[] api -[] testing /$
 []

[52]
Underfull \hbox (badness 1308) in paragraph at lines 169--171
[]\T1/lmr/m/n/10.95 Dashboards. [on-line], 2015, [cit. 2015-04-29]. Do-stupn z
: []$\T1/lmtt/m/n/10.95 http : / /$
 []


Underfull \hbox (badness 2961) in paragraph at lines 181--183
\T1/lmr/m/n/10.95 stupn z: []$\T1/lmtt/m/n/10.95 https : / / developer\OML/lmm
/m/it/10.95 :\T1/lmtt/m/n/10.95 android\OML/lmm/m/it/10.95 :\T1/lmtt/m/n/10.95 
com / google / play -[] services /$
 []

[53]
Underfull \hbox (badness 5563) in paragraph at lines 185--187
[]\T1/lmr/m/n/10.95 Retrofit. [on-line], 2015, [cit. 2015-05-10]. Do-stupn z: 
[]$\T1/lmtt/m/n/10.95 http : / /$
 []


Underfull \hbox (badness 3108) in paragraph at lines 189--191
[]\T1/lmr/m/n/10.95 TAG, L.: Re-tro-fit. [on-line], 2013, [cit. 2015-05-10]. Do
-stupn z:
 []


Underfull \hbox (badness 10000) in paragraph at lines 189--191
[]$\T1/lmtt/m/n/10.95 http : / / stackoverflow\OML/lmm/m/it/10.95 :\T1/lmtt/m/n
/10.95 com / questions / 16902716 / comparison -[] of -[]$
 []


Underfull \hbox (badness 2027) in paragraph at lines 193--196
[]\T1/lmr/m/n/10.95 RAML: DDD (Delight-Driven De-ve-lo-p-ment) For APIs, Uri Sa
-rid
 []


Underfull \hbox (badness 2334) in paragraph at lines 193--196
\T1/lmr/m/n/10.95 20140716. [on-line], 2014, [cit. 2015-05-05]. Do-stupn z: []
$\T1/lmtt/m/n/10.95 https : / /$
 []


Underfull \hbox (badness 2409) in paragraph at lines 198--200
[]\T1/lmr/m/n/10.95 Hibernate An-no-tati-ons. [on-line], 2010, [cit. 2015-05-05
]. Do-stupn
 []


Underfull \hbox (badness 3657) in paragraph at lines 215--217
[]\T1/lmr/m/n/10.95 Directory Structure of an An-droid Pro-ject. [on-line], 201
5, [cit.
 []


Underfull \hbox (badness 10000) in paragraph at lines 219--221
[]\T1/lmr/m/n/10.95 App Ma-ni-fest. [on-line], 2015, [cit. 2015-05-10]. Do-stup
n z:
 []


Underfull \hbox (badness 10000) in paragraph at lines 219--221
[]$\T1/lmtt/m/n/10.95 http : / / developer\OML/lmm/m/it/10.95 :\T1/lmtt/m/n/10.
95 android\OML/lmm/m/it/10.95 :\T1/lmtt/m/n/10.95 com / guide / topics / manife
st / manifest -[]$
 []


Underfull \hbox (badness 10000) in paragraph at lines 231--233
[]$\T1/lmtt/m/n/10.95 http : / / developer\OML/lmm/m/it/10.95 :\T1/lmtt/m/n/10.
95 android\OML/lmm/m/it/10.95 :\T1/lmtt/m/n/10.95 com / guide / components / pr
ocesses -[] and -[]$
 []


Underfull \hbox (badness 10000) in paragraph at lines 235--237
[]\T1/lmr/m/n/10.95 Otto. [on-line], 2015, [cit. 2015-05-11]. Do-stupn z: []$\
T1/lmtt/m/n/10.95 http :$
 []

[54]) [55] [56

]
No file BP_Slama_Michal_2015.gls.
No file BP_Slama_Michal_2015.acr.
[57] [58

]

Package hyperref Warning: Composite letter `\textasciicaron+r'
(hyperref)                not defined in PD1 encoding,
(hyperref)                removing `\textasciicaron' on input line 1054.

[59]
\tf@toc=\write10
\tf@lof=\write11
\tf@lot=\write12
\tf@tdo=\write13
Package atveryend Info: Empty hook `BeforeClearDocument' on input line 1071.
Package atveryend Info: Empty hook `AfterLastShipout' on input line 1071.
 (D:\01.Skola\01.Bakalarka\04.Dokumentace_new_cvut\BP_Slama_Michal_2015.aux)
Package atveryend Info: Executing hook `AtVeryEndDocument' on input line 1071.
Package atveryend Info: Executing hook `AtEndAfterFileList' on input line 1071.

Package rerunfilecheck Info: File `BP_Slama_Michal_2015.out' has not changed.
(rerunfilecheck)             Checksum: EA5FB37C31AC90FD5CF98BF91E8959E6;1325.


LaTeX Font Warning: Some font shapes were not available, defaults substituted.


LaTeX Warning: There were undefined references.


LaTeX Warning: There were multiply-defined labels.

Package atveryend Info: Empty hook `AtVeryVeryEnd' on input line 1071.
 ) 
Here is how much of TeX's memory you used:
 29166 strings out of 493921
 506856 string characters out of 3144865
 717644 words of memory out of 3000000
 31069 multiletter control sequences out of 15000+200000
 89349 words of font info for 56 fonts, out of 3000000 for 9000
 841 hyphenation exceptions out of 8191
 68i,13n,92p,1895b,1869s stack positions out of 5000i,500n,10000p,200000b,50000s
pdfTeX warning (dest): name{glo:sdk} has been referenced but does not exist, 
replaced by a fixed one

pdfTeX warning (dest): name{glo:orm} has been referenced but does not exist, re
placed by a fixed one

pdfTeX warning (dest): name{glo:xml} has been referenced but does not exist, re
placed by a fixed one

pdfTeX warning (dest): name{glo:yaml} has been referenced but does not exist, r
eplaced by a fixed one

pdfTeX warning (dest): name{glo:raml} has been referenced but does not exist, r
eplaced by a fixed one

pdfTeX warning (dest): name{glo:wadl} has been referenced but does not exist, r
eplaced by a fixed one

pdfTeX warning (dest): name{glo:rest} has been referenced but does not exist, r
eplaced by a fixed one

pdfTeX warning (dest): name{glo:os} has been referenced but does not exist, rep
laced by a fixed one

pdfTeX warning (dest): name{glo:api} has been referenced but does not exist, re
placed by a fixed one

pdfTeX warning (dest): name{glo:ws} has been referenced but does not exist, rep
laced by a fixed one

{C:/Program Files (x86)/MiKTeX 2.9/fonts/enc/dvips/lm/lm-mathit.enc}{C:/Program
 Files (x86)/MiKTeX 2.9/fonts/enc/dvips/lm/lm-ec.enc}{C:/Program Files (x86)/Mi
KTeX 2.9/fonts/enc/dvips/lm/lm-mathsy.enc}<C:/Program Files (x86)/MiKTeX 2.9/fo
nts/type1/public/lm/lmbx10.pfb><C:/Program Files (x86)/MiKTeX 2.9/fonts/type1/p
ublic/lm/lmbx12.pfb><C:/Program Files (x86)/MiKTeX 2.9/fonts/type1/public/lm/lm
bxi10.pfb><C:/Program Files (x86)/MiKTeX 2.9/fonts/type1/public/lm/lmcsc10.pfb>
<C:/Program Files (x86)/MiKTeX 2.9/fonts/type1/public/lm/lmmi10.pfb><C:/Program
 Files (x86)/MiKTeX 2.9/fonts/type1/public/lm/lmr10.pfb><C:/Program Files (x86)
/MiKTeX 2.9/fonts/type1/public/lm/lmr12.pfb><C:/Program Files (x86)/MiKTeX 2.9/
fonts/type1/public/lm/lmr6.pfb><C:/Program Files (x86)/MiKTeX 2.9/fonts/type1/p
ublic/lm/lmr8.pfb><C:/Program Files (x86)/MiKTeX 2.9/fonts/type1/public/lm/lmr9
.pfb><C:/Program Files (x86)/MiKTeX 2.9/fonts/type1/public/lm/lmri10.pfb><C:/Pr
ogram Files (x86)/MiKTeX 2.9/fonts/type1/public/lm/lmssbo10.pfb><C:/Program Fil
es (x86)/MiKTeX 2.9/fonts/type1/public/lm/lmssbx10.pfb><C:/Program Files (x86)/
MiKTeX 2.9/fonts/type1/public/lm/lmsy10.pfb><C:/Program Files (x86)/MiKTeX 2.9/
fonts/type1/public/lm/lmtt10.pfb><C:/Program Files (x86)/MiKTeX 2.9/fonts/type1
/public/lm/lmtt9.pfb>
Output written on BP_Slama_Michal_2015.pdf (75 pages, 1737309 bytes).
PDF statistics:
 1679 PDF objects out of 1728 (max. 8388607)
 816 named destinations out of 1000 (max. 500000)
 229 words of extra memory for PDF output out of 10000 (max. 10000000)

