\BOOKMARK [0][-]{section*.4}{Todo list}{}% 1
\BOOKMARK [0][-]{chapter*.7}{\332vod}{}% 2
\BOOKMARK [0][-]{chapter.1}{C\355l pr\341ce}{}% 3
\BOOKMARK [0][-]{chapter.2}{Anal\375za metodiky GTD }{}% 4
\BOOKMARK [1][-]{section.2.1}{Metodika GTD - M\355t v\235e hotovo}{chapter.2}% 5
\BOOKMARK [1][-]{section.2.2}{Soucasn\351 implementace}{chapter.2}% 6
\BOOKMARK [1][-]{section.2.3}{Shrnut\355 anal\375zy metodiky GTD }{chapter.2}% 7
\BOOKMARK [0][-]{chapter.3}{N\341vrh}{}% 8
\BOOKMARK [1][-]{section.3.1}{Rozdelen\355 aplikace}{chapter.3}% 9
\BOOKMARK [1][-]{section.3.2}{Model nasazen\355}{chapter.3}% 10
\BOOKMARK [1][-]{section.3.3}{Technologie}{chapter.3}% 11
\BOOKMARK [0][-]{chapter.4}{N\341vrh}{}% 12
\BOOKMARK [1][-]{section.4.1}{REST API}{chapter.4}% 13
\BOOKMARK [1][-]{section.4.2}{Datab\341zov\375 model}{chapter.4}% 14
\BOOKMARK [0][-]{chapter.5}{Realizace}{}% 15
\BOOKMARK [1][-]{section.5.1}{Hosting}{chapter.5}% 16
\BOOKMARK [1][-]{section.5.2}{GitHub}{chapter.5}% 17
\BOOKMARK [1][-]{section.5.3}{N\341vrhy k rozvoji}{chapter.5}% 18
\BOOKMARK [0][-]{chapter*.28}{Z\341ver}{}% 19
\BOOKMARK [0][-]{section*.31}{Literatura}{}% 20
\BOOKMARK [0][-]{appendix.A}{Seznam pou\236it\375ch zkratek}{}% 21
\BOOKMARK [0][-]{appendix.B}{Obsah prilo\236en\351ho CD}{}% 22
